[2022-03-27 14:40:41.3058] [ERROR] [Courses.Controllers.CoursesController] Microsoft.EntityFrameworkCore.DbUpdateException: An error occurred while updating the entries. See the inner exception for details.
 ---> Microsoft.Data.SqlClient.SqlException (0x80131904): Cannot insert explicit value for identity column in table 'Subjects' when IDENTITY_INSERT is set to OFF.
   at Microsoft.Data.SqlClient.SqlCommand.<>c.<ExecuteDbDataReaderAsync>b__169_0(Task`1 result)
   at System.Threading.Tasks.ContinuationResultTaskFromResultTask`2.InnerInvoke()
   at System.Threading.ExecutionContext.RunInternal(ExecutionContext executionContext, ContextCallback callback, Object state)
--- End of stack trace from previous location ---
   at System.Threading.Tasks.Task.ExecuteWithThreadLocal(Task& currentTaskSlot, Thread threadPoolThread)
--- End of stack trace from previous location ---
   at Microsoft.EntityFrameworkCore.Storage.RelationalCommand.ExecuteReaderAsync(RelationalCommandParameterObject parameterObject, CancellationToken cancellationToken)
   at Microsoft.EntityFrameworkCore.Storage.RelationalCommand.ExecuteReaderAsync(RelationalCommandParameterObject parameterObject, CancellationToken cancellationToken)
   at Microsoft.EntityFrameworkCore.Update.ReaderModificationCommandBatch.ExecuteAsync(IRelationalConnection connection, CancellationToken cancellationToken)
ClientConnectionId:9a3b322d-b156-4316-8001-116ca77cfa42
Error Number:544,State:1,Class:16
   --- End of inner exception stack trace ---
   at Microsoft.EntityFrameworkCore.Update.ReaderModificationCommandBatch.ExecuteAsync(IRelationalConnection connection, CancellationToken cancellationToken)
   at Microsoft.EntityFrameworkCore.Update.Internal.BatchExecutor.ExecuteAsync(IEnumerable`1 commandBatches, IRelationalConnection connection, CancellationToken cancellationToken)
   at Microsoft.EntityFrameworkCore.Update.Internal.BatchExecutor.ExecuteAsync(IEnumerable`1 commandBatches, IRelationalConnection connection, CancellationToken cancellationToken)
   at Microsoft.EntityFrameworkCore.Update.Internal.BatchExecutor.ExecuteAsync(IEnumerable`1 commandBatches, IRelationalConnection connection, CancellationToken cancellationToken)
   at Microsoft.EntityFrameworkCore.ChangeTracking.Internal.StateManager.SaveChangesAsync(IList`1 entriesToSave, CancellationToken cancellationToken)
   at Microsoft.EntityFrameworkCore.ChangeTracking.Internal.StateManager.SaveChangesAsync(DbContext _, Boolean acceptAllChangesOnSuccess, CancellationToken cancellationToken)
   at Microsoft.EntityFrameworkCore.SqlServer.Storage.Internal.SqlServerExecutionStrategy.ExecuteAsync[TState,TResult](TState state, Func`4 operation, Func`4 verifySucceeded, CancellationToken cancellationToken)
   at Microsoft.EntityFrameworkCore.DbContext.SaveChangesAsync(Boolean acceptAllChangesOnSuccess, CancellationToken cancellationToken)
   at Microsoft.EntityFrameworkCore.DbContext.SaveChangesAsync(Boolean acceptAllChangesOnSuccess, CancellationToken cancellationToken)
   at Courses.Repositories.CourseRepository.AddCourse(CourseDTO course) in C:\Users\kamil.krawczyk\Desktop\Courses\Courses\Courses\Repositories\CourseRepository.cs:line 28
   at Courses.CommandHandlers.CreateCourseCommandHandler.Handle(CreateCourseCommand request, CancellationToken cancellationToken) in C:\Users\kamil.krawczyk\Desktop\Courses\Courses\Courses\CommandHandlers\CreateCourseCommandHandler.cs:line 20
   at MediatR.Pipeline.RequestExceptionProcessorBehavior`2.Handle(TRequest request, CancellationToken cancellationToken, RequestHandlerDelegate`1 next)
   at MediatR.Pipeline.RequestExceptionProcessorBehavior`2.Handle(TRequest request, CancellationToken cancellationToken, RequestHandlerDelegate`1 next)
   at MediatR.Pipeline.RequestExceptionActionProcessorBehavior`2.Handle(TRequest request, CancellationToken cancellationToken, RequestHandlerDelegate`1 next)
   at MediatR.Pipeline.RequestExceptionActionProcessorBehavior`2.Handle(TRequest request, CancellationToken cancellationToken, RequestHandlerDelegate`1 next)
   at MediatR.Pipeline.RequestPostProcessorBehavior`2.Handle(TRequest request, CancellationToken cancellationToken, RequestHandlerDelegate`1 next)
   at MediatR.Pipeline.RequestPreProcessorBehavior`2.Handle(TRequest request, CancellationToken cancellationToken, RequestHandlerDelegate`1 next)
   at Courses.Controllers.CoursesController.Create(CourseDTO course) in C:\Users\kamil.krawczyk\Desktop\Courses\Courses\Courses\Controllers\CoursesController.cs:line 80 Microsoft.EntityFrameworkCore.DbUpdateException: An error occurred while updating the entries. See the inner exception for details.
 ---> Microsoft.Data.SqlClient.SqlException (0x80131904): Cannot insert explicit value for identity column in table 'Subjects' when IDENTITY_INSERT is set to OFF.
   at Microsoft.Data.SqlClient.SqlCommand.<>c.<ExecuteDbDataReaderAsync>b__169_0(Task`1 result)
   at System.Threading.Tasks.ContinuationResultTaskFromResultTask`2.InnerInvoke()
   at System.Threading.ExecutionContext.RunInternal(ExecutionContext executionContext, ContextCallback callback, Object state)
--- End of stack trace from previous location ---
   at System.Threading.Tasks.Task.ExecuteWithThreadLocal(Task& currentTaskSlot, Thread threadPoolThread)
--- End of stack trace from previous location ---
   at Microsoft.EntityFrameworkCore.Storage.RelationalCommand.ExecuteReaderAsync(RelationalCommandParameterObject parameterObject, CancellationToken cancellationToken)
   at Microsoft.EntityFrameworkCore.Storage.RelationalCommand.ExecuteReaderAsync(RelationalCommandParameterObject parameterObject, CancellationToken cancellationToken)
   at Microsoft.EntityFrameworkCore.Update.ReaderModificationCommandBatch.ExecuteAsync(IRelationalConnection connection, CancellationToken cancellationToken)
ClientConnectionId:9a3b322d-b156-4316-8001-116ca77cfa42
Error Number:544,State:1,Class:16
   --- End of inner exception stack trace ---
   at Microsoft.EntityFrameworkCore.Update.ReaderModificationCommandBatch.ExecuteAsync(IRelationalConnection connection, CancellationToken cancellationToken)
   at Microsoft.EntityFrameworkCore.Update.Internal.BatchExecutor.ExecuteAsync(IEnumerable`1 commandBatches, IRelationalConnection connection, CancellationToken cancellationToken)
   at Microsoft.EntityFrameworkCore.Update.Internal.BatchExecutor.ExecuteAsync(IEnumerable`1 commandBatches, IRelationalConnection connection, CancellationToken cancellationToken)
   at Microsoft.EntityFrameworkCore.Update.Internal.BatchExecutor.ExecuteAsync(IEnumerable`1 commandBatches, IRelationalConnection connection, CancellationToken cancellationToken)
   at Microsoft.EntityFrameworkCore.ChangeTracking.Internal.StateManager.SaveChangesAsync(IList`1 entriesToSave, CancellationToken cancellationToken)
   at Microsoft.EntityFrameworkCore.ChangeTracking.Internal.StateManager.SaveChangesAsync(DbContext _, Boolean acceptAllChangesOnSuccess, CancellationToken cancellationToken)
   at Microsoft.EntityFrameworkCore.SqlServer.Storage.Internal.SqlServerExecutionStrategy.ExecuteAsync[TState,TResult](TState state, Func`4 operation, Func`4 verifySucceeded, CancellationToken cancellationToken)
   at Microsoft.EntityFrameworkCore.DbContext.SaveChangesAsync(Boolean acceptAllChangesOnSuccess, CancellationToken cancellationToken)
   at Microsoft.EntityFrameworkCore.DbContext.SaveChangesAsync(Boolean acceptAllChangesOnSuccess, CancellationToken cancellationToken)
   at Courses.Repositories.CourseRepository.AddCourse(CourseDTO course) in C:\Users\kamil.krawczyk\Desktop\Courses\Courses\Courses\Repositories\CourseRepository.cs:line 28
   at Courses.CommandHandlers.CreateCourseCommandHandler.Handle(CreateCourseCommand request, CancellationToken cancellationToken) in C:\Users\kamil.krawczyk\Desktop\Courses\Courses\Courses\CommandHandlers\CreateCourseCommandHandler.cs:line 20
   at MediatR.Pipeline.RequestExceptionProcessorBehavior`2.Handle(TRequest request, CancellationToken cancellationToken, RequestHandlerDelegate`1 next)
   at MediatR.Pipeline.RequestExceptionProcessorBehavior`2.Handle(TRequest request, CancellationToken cancellationToken, RequestHandlerDelegate`1 next)
   at MediatR.Pipeline.RequestExceptionActionProcessorBehavior`2.Handle(TRequest request, CancellationToken cancellationToken, RequestHandlerDelegate`1 next)
   at MediatR.Pipeline.RequestExceptionActionProcessorBehavior`2.Handle(TRequest request, CancellationToken cancellationToken, RequestHandlerDelegate`1 next)
   at MediatR.Pipeline.RequestPostProcessorBehavior`2.Handle(TRequest request, CancellationToken cancellationToken, RequestHandlerDelegate`1 next)
   at MediatR.Pipeline.RequestPreProcessorBehavior`2.Handle(TRequest request, CancellationToken cancellationToken, RequestHandlerDelegate`1 next)
   at Courses.Controllers.CoursesController.Create(CourseDTO course) in C:\Users\kamil.krawczyk\Desktop\Courses\Courses\Courses\Controllers\CoursesController.cs:line 80
[2022-03-27 14:40:42.0871] [ERROR] [Courses.Controllers.CoursesController] Microsoft.EntityFrameworkCore.DbUpdateException: An error occurred while updating the entries. See the inner exception for details.
 ---> Microsoft.Data.SqlClient.SqlException (0x80131904): Cannot insert explicit value for identity column in table 'Subjects' when IDENTITY_INSERT is set to OFF.
   at Microsoft.Data.SqlClient.SqlCommand.<>c.<ExecuteDbDataReaderAsync>b__169_0(Task`1 result)
   at System.Threading.Tasks.ContinuationResultTaskFromResultTask`2.InnerInvoke()
   at System.Threading.ExecutionContext.RunInternal(ExecutionContext executionContext, ContextCallback callback, Object state)
--- End of stack trace from previous location ---
   at System.Threading.Tasks.Task.ExecuteWithThreadLocal(Task& currentTaskSlot, Thread threadPoolThread)
--- End of stack trace from previous location ---
   at Microsoft.EntityFrameworkCore.Storage.RelationalCommand.ExecuteReaderAsync(RelationalCommandParameterObject parameterObject, CancellationToken cancellationToken)
   at Microsoft.EntityFrameworkCore.Storage.RelationalCommand.ExecuteReaderAsync(RelationalCommandParameterObject parameterObject, CancellationToken cancellationToken)
   at Microsoft.EntityFrameworkCore.Update.ReaderModificationCommandBatch.ExecuteAsync(IRelationalConnection connection, CancellationToken cancellationToken)
ClientConnectionId:9a3b322d-b156-4316-8001-116ca77cfa42
Error Number:544,State:1,Class:16
   --- End of inner exception stack trace ---
   at Microsoft.EntityFrameworkCore.Update.ReaderModificationCommandBatch.ExecuteAsync(IRelationalConnection connection, CancellationToken cancellationToken)
   at Microsoft.EntityFrameworkCore.Update.Internal.BatchExecutor.ExecuteAsync(IEnumerable`1 commandBatches, IRelationalConnection connection, CancellationToken cancellationToken)
   at Microsoft.EntityFrameworkCore.Update.Internal.BatchExecutor.ExecuteAsync(IEnumerable`1 commandBatches, IRelationalConnection connection, CancellationToken cancellationToken)
   at Microsoft.EntityFrameworkCore.Update.Internal.BatchExecutor.ExecuteAsync(IEnumerable`1 commandBatches, IRelationalConnection connection, CancellationToken cancellationToken)
   at Microsoft.EntityFrameworkCore.ChangeTracking.Internal.StateManager.SaveChangesAsync(IList`1 entriesToSave, CancellationToken cancellationToken)
   at Microsoft.EntityFrameworkCore.ChangeTracking.Internal.StateManager.SaveChangesAsync(DbContext _, Boolean acceptAllChangesOnSuccess, CancellationToken cancellationToken)
   at Microsoft.EntityFrameworkCore.SqlServer.Storage.Internal.SqlServerExecutionStrategy.ExecuteAsync[TState,TResult](TState state, Func`4 operation, Func`4 verifySucceeded, CancellationToken cancellationToken)
   at Microsoft.EntityFrameworkCore.DbContext.SaveChangesAsync(Boolean acceptAllChangesOnSuccess, CancellationToken cancellationToken)
   at Microsoft.EntityFrameworkCore.DbContext.SaveChangesAsync(Boolean acceptAllChangesOnSuccess, CancellationToken cancellationToken)
   at Courses.Repositories.CourseRepository.AddCourse(CourseDTO course) in C:\Users\kamil.krawczyk\Desktop\Courses\Courses\Courses\Repositories\CourseRepository.cs:line 28
   at Courses.CommandHandlers.CreateCourseCommandHandler.Handle(CreateCourseCommand request, CancellationToken cancellationToken) in C:\Users\kamil.krawczyk\Desktop\Courses\Courses\Courses\CommandHandlers\CreateCourseCommandHandler.cs:line 20
   at MediatR.Pipeline.RequestExceptionProcessorBehavior`2.Handle(TRequest request, CancellationToken cancellationToken, RequestHandlerDelegate`1 next)
   at MediatR.Pipeline.RequestExceptionProcessorBehavior`2.Handle(TRequest request, CancellationToken cancellationToken, RequestHandlerDelegate`1 next)
   at MediatR.Pipeline.RequestExceptionActionProcessorBehavior`2.Handle(TRequest request, CancellationToken cancellationToken, RequestHandlerDelegate`1 next)
   at MediatR.Pipeline.RequestExceptionActionProcessorBehavior`2.Handle(TRequest request, CancellationToken cancellationToken, RequestHandlerDelegate`1 next)
   at MediatR.Pipeline.RequestPostProcessorBehavior`2.Handle(TRequest request, CancellationToken cancellationToken, RequestHandlerDelegate`1 next)
   at MediatR.Pipeline.RequestPreProcessorBehavior`2.Handle(TRequest request, CancellationToken cancellationToken, RequestHandlerDelegate`1 next)
   at Courses.Controllers.CoursesController.Create(CourseDTO course) in C:\Users\kamil.krawczyk\Desktop\Courses\Courses\Courses\Controllers\CoursesController.cs:line 80 Microsoft.EntityFrameworkCore.DbUpdateException: An error occurred while updating the entries. See the inner exception for details.
 ---> Microsoft.Data.SqlClient.SqlException (0x80131904): Cannot insert explicit value for identity column in table 'Subjects' when IDENTITY_INSERT is set to OFF.
   at Microsoft.Data.SqlClient.SqlCommand.<>c.<ExecuteDbDataReaderAsync>b__169_0(Task`1 result)
   at System.Threading.Tasks.ContinuationResultTaskFromResultTask`2.InnerInvoke()
   at System.Threading.ExecutionContext.RunInternal(ExecutionContext executionContext, ContextCallback callback, Object state)
--- End of stack trace from previous location ---
   at System.Threading.Tasks.Task.ExecuteWithThreadLocal(Task& currentTaskSlot, Thread threadPoolThread)
--- End of stack trace from previous location ---
   at Microsoft.EntityFrameworkCore.Storage.RelationalCommand.ExecuteReaderAsync(RelationalCommandParameterObject parameterObject, CancellationToken cancellationToken)
   at Microsoft.EntityFrameworkCore.Storage.RelationalCommand.ExecuteReaderAsync(RelationalCommandParameterObject parameterObject, CancellationToken cancellationToken)
   at Microsoft.EntityFrameworkCore.Update.ReaderModificationCommandBatch.ExecuteAsync(IRelationalConnection connection, CancellationToken cancellationToken)
ClientConnectionId:9a3b322d-b156-4316-8001-116ca77cfa42
Error Number:544,State:1,Class:16
   --- End of inner exception stack trace ---
   at Microsoft.EntityFrameworkCore.Update.ReaderModificationCommandBatch.ExecuteAsync(IRelationalConnection connection, CancellationToken cancellationToken)
   at Microsoft.EntityFrameworkCore.Update.Internal.BatchExecutor.ExecuteAsync(IEnumerable`1 commandBatches, IRelationalConnection connection, CancellationToken cancellationToken)
   at Microsoft.EntityFrameworkCore.Update.Internal.BatchExecutor.ExecuteAsync(IEnumerable`1 commandBatches, IRelationalConnection connection, CancellationToken cancellationToken)
   at Microsoft.EntityFrameworkCore.Update.Internal.BatchExecutor.ExecuteAsync(IEnumerable`1 commandBatches, IRelationalConnection connection, CancellationToken cancellationToken)
   at Microsoft.EntityFrameworkCore.ChangeTracking.Internal.StateManager.SaveChangesAsync(IList`1 entriesToSave, CancellationToken cancellationToken)
   at Microsoft.EntityFrameworkCore.ChangeTracking.Internal.StateManager.SaveChangesAsync(DbContext _, Boolean acceptAllChangesOnSuccess, CancellationToken cancellationToken)
   at Microsoft.EntityFrameworkCore.SqlServer.Storage.Internal.SqlServerExecutionStrategy.ExecuteAsync[TState,TResult](TState state, Func`4 operation, Func`4 verifySucceeded, CancellationToken cancellationToken)
   at Microsoft.EntityFrameworkCore.DbContext.SaveChangesAsync(Boolean acceptAllChangesOnSuccess, CancellationToken cancellationToken)
   at Microsoft.EntityFrameworkCore.DbContext.SaveChangesAsync(Boolean acceptAllChangesOnSuccess, CancellationToken cancellationToken)
   at Courses.Repositories.CourseRepository.AddCourse(CourseDTO course) in C:\Users\kamil.krawczyk\Desktop\Courses\Courses\Courses\Repositories\CourseRepository.cs:line 28
   at Courses.CommandHandlers.CreateCourseCommandHandler.Handle(CreateCourseCommand request, CancellationToken cancellationToken) in C:\Users\kamil.krawczyk\Desktop\Courses\Courses\Courses\CommandHandlers\CreateCourseCommandHandler.cs:line 20
   at MediatR.Pipeline.RequestExceptionProcessorBehavior`2.Handle(TRequest request, CancellationToken cancellationToken, RequestHandlerDelegate`1 next)
   at MediatR.Pipeline.RequestExceptionProcessorBehavior`2.Handle(TRequest request, CancellationToken cancellationToken, RequestHandlerDelegate`1 next)
   at MediatR.Pipeline.RequestExceptionActionProcessorBehavior`2.Handle(TRequest request, CancellationToken cancellationToken, RequestHandlerDelegate`1 next)
   at MediatR.Pipeline.RequestExceptionActionProcessorBehavior`2.Handle(TRequest request, CancellationToken cancellationToken, RequestHandlerDelegate`1 next)
   at MediatR.Pipeline.RequestPostProcessorBehavior`2.Handle(TRequest request, CancellationToken cancellationToken, RequestHandlerDelegate`1 next)
   at MediatR.Pipeline.RequestPreProcessorBehavior`2.Handle(TRequest request, CancellationToken cancellationToken, RequestHandlerDelegate`1 next)
   at Courses.Controllers.CoursesController.Create(CourseDTO course) in C:\Users\kamil.krawczyk\Desktop\Courses\Courses\Courses\Controllers\CoursesController.cs:line 80
[2022-03-27 15:43:37.1795] [ERROR] [Courses.Controllers.CoursesController] System.NullReferenceException: Object reference not set to an instance of an object.
   at Courses.Repositories.CourseRepository.EditCourse(Int32 courseId, CourseDTO courseDTO)
   at Courses.CommandHandlers.EditCourseCommandHandler.Handle(EditCourseCommand request, CancellationToken cancellationToken)
   at MediatR.Pipeline.RequestExceptionProcessorBehavior`2.Handle(TRequest request, CancellationToken cancellationToken, RequestHandlerDelegate`1 next)
   at MediatR.Pipeline.RequestExceptionProcessorBehavior`2.Handle(TRequest request, CancellationToken cancellationToken, RequestHandlerDelegate`1 next)
   at MediatR.Pipeline.RequestExceptionActionProcessorBehavior`2.Handle(TRequest request, CancellationToken cancellationToken, RequestHandlerDelegate`1 next)
   at MediatR.Pipeline.RequestExceptionActionProcessorBehavior`2.Handle(TRequest request, CancellationToken cancellationToken, RequestHandlerDelegate`1 next)
   at MediatR.Pipeline.RequestPostProcessorBehavior`2.Handle(TRequest request, CancellationToken cancellationToken, RequestHandlerDelegate`1 next)
   at MediatR.Pipeline.RequestPreProcessorBehavior`2.Handle(TRequest request, CancellationToken cancellationToken, RequestHandlerDelegate`1 next)
   at Courses.Controllers.CoursesController.Edit(Int32 id, CourseDTO course) System.NullReferenceException: Object reference not set to an instance of an object.
   at Courses.Repositories.CourseRepository.EditCourse(Int32 courseId, CourseDTO courseDTO)
   at Courses.CommandHandlers.EditCourseCommandHandler.Handle(EditCourseCommand request, CancellationToken cancellationToken)
   at MediatR.Pipeline.RequestExceptionProcessorBehavior`2.Handle(TRequest request, CancellationToken cancellationToken, RequestHandlerDelegate`1 next)
   at MediatR.Pipeline.RequestExceptionProcessorBehavior`2.Handle(TRequest request, CancellationToken cancellationToken, RequestHandlerDelegate`1 next)
   at MediatR.Pipeline.RequestExceptionActionProcessorBehavior`2.Handle(TRequest request, CancellationToken cancellationToken, RequestHandlerDelegate`1 next)
   at MediatR.Pipeline.RequestExceptionActionProcessorBehavior`2.Handle(TRequest request, CancellationToken cancellationToken, RequestHandlerDelegate`1 next)
   at MediatR.Pipeline.RequestPostProcessorBehavior`2.Handle(TRequest request, CancellationToken cancellationToken, RequestHandlerDelegate`1 next)
   at MediatR.Pipeline.RequestPreProcessorBehavior`2.Handle(TRequest request, CancellationToken cancellationToken, RequestHandlerDelegate`1 next)
   at Courses.Controllers.CoursesController.Edit(Int32 id, CourseDTO course)
[2022-03-27 15:43:48.4840] [ERROR] [Courses.Controllers.CoursesController] System.NullReferenceException: Object reference not set to an instance of an object.
   at Courses.Repositories.CourseRepository.EditCourse(Int32 courseId, CourseDTO courseDTO)
   at Courses.CommandHandlers.EditCourseCommandHandler.Handle(EditCourseCommand request, CancellationToken cancellationToken)
   at MediatR.Pipeline.RequestExceptionProcessorBehavior`2.Handle(TRequest request, CancellationToken cancellationToken, RequestHandlerDelegate`1 next)
   at MediatR.Pipeline.RequestExceptionProcessorBehavior`2.Handle(TRequest request, CancellationToken cancellationToken, RequestHandlerDelegate`1 next)
   at MediatR.Pipeline.RequestExceptionActionProcessorBehavior`2.Handle(TRequest request, CancellationToken cancellationToken, RequestHandlerDelegate`1 next)
   at MediatR.Pipeline.RequestExceptionActionProcessorBehavior`2.Handle(TRequest request, CancellationToken cancellationToken, RequestHandlerDelegate`1 next)
   at MediatR.Pipeline.RequestPostProcessorBehavior`2.Handle(TRequest request, CancellationToken cancellationToken, RequestHandlerDelegate`1 next)
   at MediatR.Pipeline.RequestPreProcessorBehavior`2.Handle(TRequest request, CancellationToken cancellationToken, RequestHandlerDelegate`1 next)
   at Courses.Controllers.CoursesController.Edit(Int32 id, CourseDTO course) System.NullReferenceException: Object reference not set to an instance of an object.
   at Courses.Repositories.CourseRepository.EditCourse(Int32 courseId, CourseDTO courseDTO)
   at Courses.CommandHandlers.EditCourseCommandHandler.Handle(EditCourseCommand request, CancellationToken cancellationToken)
   at MediatR.Pipeline.RequestExceptionProcessorBehavior`2.Handle(TRequest request, CancellationToken cancellationToken, RequestHandlerDelegate`1 next)
   at MediatR.Pipeline.RequestExceptionProcessorBehavior`2.Handle(TRequest request, CancellationToken cancellationToken, RequestHandlerDelegate`1 next)
   at MediatR.Pipeline.RequestExceptionActionProcessorBehavior`2.Handle(TRequest request, CancellationToken cancellationToken, RequestHandlerDelegate`1 next)
   at MediatR.Pipeline.RequestExceptionActionProcessorBehavior`2.Handle(TRequest request, CancellationToken cancellationToken, RequestHandlerDelegate`1 next)
   at MediatR.Pipeline.RequestPostProcessorBehavior`2.Handle(TRequest request, CancellationToken cancellationToken, RequestHandlerDelegate`1 next)
   at MediatR.Pipeline.RequestPreProcessorBehavior`2.Handle(TRequest request, CancellationToken cancellationToken, RequestHandlerDelegate`1 next)
   at Courses.Controllers.CoursesController.Edit(Int32 id, CourseDTO course)
[2022-03-27 15:44:10.5461] [ERROR] [Courses.Controllers.CoursesController] System.NullReferenceException: Object reference not set to an instance of an object.
   at Courses.Repositories.CourseRepository.EditCourse(Int32 courseId, CourseDTO courseDTO)
   at Courses.CommandHandlers.EditCourseCommandHandler.Handle(EditCourseCommand request, CancellationToken cancellationToken)
   at MediatR.Pipeline.RequestExceptionProcessorBehavior`2.Handle(TRequest request, CancellationToken cancellationToken, RequestHandlerDelegate`1 next)
   at MediatR.Pipeline.RequestExceptionProcessorBehavior`2.Handle(TRequest request, CancellationToken cancellationToken, RequestHandlerDelegate`1 next)
   at MediatR.Pipeline.RequestExceptionActionProcessorBehavior`2.Handle(TRequest request, CancellationToken cancellationToken, RequestHandlerDelegate`1 next)
   at MediatR.Pipeline.RequestExceptionActionProcessorBehavior`2.Handle(TRequest request, CancellationToken cancellationToken, RequestHandlerDelegate`1 next)
   at MediatR.Pipeline.RequestPostProcessorBehavior`2.Handle(TRequest request, CancellationToken cancellationToken, RequestHandlerDelegate`1 next)
   at MediatR.Pipeline.RequestPreProcessorBehavior`2.Handle(TRequest request, CancellationToken cancellationToken, RequestHandlerDelegate`1 next)
   at Courses.Controllers.CoursesController.Edit(Int32 id, CourseDTO course) System.NullReferenceException: Object reference not set to an instance of an object.
   at Courses.Repositories.CourseRepository.EditCourse(Int32 courseId, CourseDTO courseDTO)
   at Courses.CommandHandlers.EditCourseCommandHandler.Handle(EditCourseCommand request, CancellationToken cancellationToken)
   at MediatR.Pipeline.RequestExceptionProcessorBehavior`2.Handle(TRequest request, CancellationToken cancellationToken, RequestHandlerDelegate`1 next)
   at MediatR.Pipeline.RequestExceptionProcessorBehavior`2.Handle(TRequest request, CancellationToken cancellationToken, RequestHandlerDelegate`1 next)
   at MediatR.Pipeline.RequestExceptionActionProcessorBehavior`2.Handle(TRequest request, CancellationToken cancellationToken, RequestHandlerDelegate`1 next)
   at MediatR.Pipeline.RequestExceptionActionProcessorBehavior`2.Handle(TRequest request, CancellationToken cancellationToken, RequestHandlerDelegate`1 next)
   at MediatR.Pipeline.RequestPostProcessorBehavior`2.Handle(TRequest request, CancellationToken cancellationToken, RequestHandlerDelegate`1 next)
   at MediatR.Pipeline.RequestPreProcessorBehavior`2.Handle(TRequest request, CancellationToken cancellationToken, RequestHandlerDelegate`1 next)
   at Courses.Controllers.CoursesController.Edit(Int32 id, CourseDTO course)
[2022-03-27 15:52:44.8840] [ERROR] [Courses.Controllers.CoursesController] System.NullReferenceException: Object reference not set to an instance of an object.
   at Courses.Repositories.CourseRepository.EditCourse(Int32 courseId, CourseDTO courseDTO)
   at Courses.CommandHandlers.EditCourseCommandHandler.Handle(EditCourseCommand request, CancellationToken cancellationToken)
   at MediatR.Pipeline.RequestExceptionProcessorBehavior`2.Handle(TRequest request, CancellationToken cancellationToken, RequestHandlerDelegate`1 next)
   at MediatR.Pipeline.RequestExceptionProcessorBehavior`2.Handle(TRequest request, CancellationToken cancellationToken, RequestHandlerDelegate`1 next)
   at MediatR.Pipeline.RequestExceptionActionProcessorBehavior`2.Handle(TRequest request, CancellationToken cancellationToken, RequestHandlerDelegate`1 next)
   at MediatR.Pipeline.RequestExceptionActionProcessorBehavior`2.Handle(TRequest request, CancellationToken cancellationToken, RequestHandlerDelegate`1 next)
   at MediatR.Pipeline.RequestPostProcessorBehavior`2.Handle(TRequest request, CancellationToken cancellationToken, RequestHandlerDelegate`1 next)
   at MediatR.Pipeline.RequestPreProcessorBehavior`2.Handle(TRequest request, CancellationToken cancellationToken, RequestHandlerDelegate`1 next)
   at Courses.Controllers.CoursesController.Edit(Int32 id, CourseDTO course) System.NullReferenceException: Object reference not set to an instance of an object.
   at Courses.Repositories.CourseRepository.EditCourse(Int32 courseId, CourseDTO courseDTO)
   at Courses.CommandHandlers.EditCourseCommandHandler.Handle(EditCourseCommand request, CancellationToken cancellationToken)
   at MediatR.Pipeline.RequestExceptionProcessorBehavior`2.Handle(TRequest request, CancellationToken cancellationToken, RequestHandlerDelegate`1 next)
   at MediatR.Pipeline.RequestExceptionProcessorBehavior`2.Handle(TRequest request, CancellationToken cancellationToken, RequestHandlerDelegate`1 next)
   at MediatR.Pipeline.RequestExceptionActionProcessorBehavior`2.Handle(TRequest request, CancellationToken cancellationToken, RequestHandlerDelegate`1 next)
   at MediatR.Pipeline.RequestExceptionActionProcessorBehavior`2.Handle(TRequest request, CancellationToken cancellationToken, RequestHandlerDelegate`1 next)
   at MediatR.Pipeline.RequestPostProcessorBehavior`2.Handle(TRequest request, CancellationToken cancellationToken, RequestHandlerDelegate`1 next)
   at MediatR.Pipeline.RequestPreProcessorBehavior`2.Handle(TRequest request, CancellationToken cancellationToken, RequestHandlerDelegate`1 next)
   at Courses.Controllers.CoursesController.Edit(Int32 id, CourseDTO course)
[2022-03-27 15:53:15.4342] [ERROR] [Courses.Controllers.CoursesController] System.NullReferenceException: Object reference not set to an instance of an object.
   at Courses.Repositories.CourseRepository.EditCourse(Int32 courseId, CourseDTO courseDTO)
   at Courses.CommandHandlers.EditCourseCommandHandler.Handle(EditCourseCommand request, CancellationToken cancellationToken)
   at MediatR.Pipeline.RequestExceptionProcessorBehavior`2.Handle(TRequest request, CancellationToken cancellationToken, RequestHandlerDelegate`1 next)
   at MediatR.Pipeline.RequestExceptionProcessorBehavior`2.Handle(TRequest request, CancellationToken cancellationToken, RequestHandlerDelegate`1 next)
   at MediatR.Pipeline.RequestExceptionActionProcessorBehavior`2.Handle(TRequest request, CancellationToken cancellationToken, RequestHandlerDelegate`1 next)
   at MediatR.Pipeline.RequestExceptionActionProcessorBehavior`2.Handle(TRequest request, CancellationToken cancellationToken, RequestHandlerDelegate`1 next)
   at MediatR.Pipeline.RequestPostProcessorBehavior`2.Handle(TRequest request, CancellationToken cancellationToken, RequestHandlerDelegate`1 next)
   at MediatR.Pipeline.RequestPreProcessorBehavior`2.Handle(TRequest request, CancellationToken cancellationToken, RequestHandlerDelegate`1 next)
   at Courses.Controllers.CoursesController.Edit(Int32 id, CourseDTO course) System.NullReferenceException: Object reference not set to an instance of an object.
   at Courses.Repositories.CourseRepository.EditCourse(Int32 courseId, CourseDTO courseDTO)
   at Courses.CommandHandlers.EditCourseCommandHandler.Handle(EditCourseCommand request, CancellationToken cancellationToken)
   at MediatR.Pipeline.RequestExceptionProcessorBehavior`2.Handle(TRequest request, CancellationToken cancellationToken, RequestHandlerDelegate`1 next)
   at MediatR.Pipeline.RequestExceptionProcessorBehavior`2.Handle(TRequest request, CancellationToken cancellationToken, RequestHandlerDelegate`1 next)
   at MediatR.Pipeline.RequestExceptionActionProcessorBehavior`2.Handle(TRequest request, CancellationToken cancellationToken, RequestHandlerDelegate`1 next)
   at MediatR.Pipeline.RequestExceptionActionProcessorBehavior`2.Handle(TRequest request, CancellationToken cancellationToken, RequestHandlerDelegate`1 next)
   at MediatR.Pipeline.RequestPostProcessorBehavior`2.Handle(TRequest request, CancellationToken cancellationToken, RequestHandlerDelegate`1 next)
   at MediatR.Pipeline.RequestPreProcessorBehavior`2.Handle(TRequest request, CancellationToken cancellationToken, RequestHandlerDelegate`1 next)
   at Courses.Controllers.CoursesController.Edit(Int32 id, CourseDTO course)
[2022-03-27 15:55:12.7974] [ERROR] [Courses.Controllers.CoursesController] System.NullReferenceException: Object reference not set to an instance of an object.
   at Courses.Repositories.CourseRepository.EditCourse(Int32 courseId, CourseDTO courseDTO)
   at Courses.CommandHandlers.EditCourseCommandHandler.Handle(EditCourseCommand request, CancellationToken cancellationToken)
   at MediatR.Pipeline.RequestExceptionProcessorBehavior`2.Handle(TRequest request, CancellationToken cancellationToken, RequestHandlerDelegate`1 next)
   at MediatR.Pipeline.RequestExceptionProcessorBehavior`2.Handle(TRequest request, CancellationToken cancellationToken, RequestHandlerDelegate`1 next)
   at MediatR.Pipeline.RequestExceptionActionProcessorBehavior`2.Handle(TRequest request, CancellationToken cancellationToken, RequestHandlerDelegate`1 next)
   at MediatR.Pipeline.RequestExceptionActionProcessorBehavior`2.Handle(TRequest request, CancellationToken cancellationToken, RequestHandlerDelegate`1 next)
   at MediatR.Pipeline.RequestPostProcessorBehavior`2.Handle(TRequest request, CancellationToken cancellationToken, RequestHandlerDelegate`1 next)
   at MediatR.Pipeline.RequestPreProcessorBehavior`2.Handle(TRequest request, CancellationToken cancellationToken, RequestHandlerDelegate`1 next)
   at Courses.Controllers.CoursesController.Edit(Int32 id, CourseDTO course) System.NullReferenceException: Object reference not set to an instance of an object.
   at Courses.Repositories.CourseRepository.EditCourse(Int32 courseId, CourseDTO courseDTO)
   at Courses.CommandHandlers.EditCourseCommandHandler.Handle(EditCourseCommand request, CancellationToken cancellationToken)
   at MediatR.Pipeline.RequestExceptionProcessorBehavior`2.Handle(TRequest request, CancellationToken cancellationToken, RequestHandlerDelegate`1 next)
   at MediatR.Pipeline.RequestExceptionProcessorBehavior`2.Handle(TRequest request, CancellationToken cancellationToken, RequestHandlerDelegate`1 next)
   at MediatR.Pipeline.RequestExceptionActionProcessorBehavior`2.Handle(TRequest request, CancellationToken cancellationToken, RequestHandlerDelegate`1 next)
   at MediatR.Pipeline.RequestExceptionActionProcessorBehavior`2.Handle(TRequest request, CancellationToken cancellationToken, RequestHandlerDelegate`1 next)
   at MediatR.Pipeline.RequestPostProcessorBehavior`2.Handle(TRequest request, CancellationToken cancellationToken, RequestHandlerDelegate`1 next)
   at MediatR.Pipeline.RequestPreProcessorBehavior`2.Handle(TRequest request, CancellationToken cancellationToken, RequestHandlerDelegate`1 next)
   at Courses.Controllers.CoursesController.Edit(Int32 id, CourseDTO course)
[2022-03-27 15:55:55.8030] [ERROR] [Courses.Controllers.CoursesController] System.NullReferenceException: Object reference not set to an instance of an object.
   at Courses.Repositories.CourseRepository.EditCourse(Int32 courseId, CourseDTO courseDTO)
   at Courses.CommandHandlers.EditCourseCommandHandler.Handle(EditCourseCommand request, CancellationToken cancellationToken)
   at MediatR.Pipeline.RequestExceptionProcessorBehavior`2.Handle(TRequest request, CancellationToken cancellationToken, RequestHandlerDelegate`1 next)
   at MediatR.Pipeline.RequestExceptionProcessorBehavior`2.Handle(TRequest request, CancellationToken cancellationToken, RequestHandlerDelegate`1 next)
   at MediatR.Pipeline.RequestExceptionActionProcessorBehavior`2.Handle(TRequest request, CancellationToken cancellationToken, RequestHandlerDelegate`1 next)
   at MediatR.Pipeline.RequestExceptionActionProcessorBehavior`2.Handle(TRequest request, CancellationToken cancellationToken, RequestHandlerDelegate`1 next)
   at MediatR.Pipeline.RequestPostProcessorBehavior`2.Handle(TRequest request, CancellationToken cancellationToken, RequestHandlerDelegate`1 next)
   at MediatR.Pipeline.RequestPreProcessorBehavior`2.Handle(TRequest request, CancellationToken cancellationToken, RequestHandlerDelegate`1 next)
   at Courses.Controllers.CoursesController.Edit(Int32 id, CourseDTO course) System.NullReferenceException: Object reference not set to an instance of an object.
   at Courses.Repositories.CourseRepository.EditCourse(Int32 courseId, CourseDTO courseDTO)
   at Courses.CommandHandlers.EditCourseCommandHandler.Handle(EditCourseCommand request, CancellationToken cancellationToken)
   at MediatR.Pipeline.RequestExceptionProcessorBehavior`2.Handle(TRequest request, CancellationToken cancellationToken, RequestHandlerDelegate`1 next)
   at MediatR.Pipeline.RequestExceptionProcessorBehavior`2.Handle(TRequest request, CancellationToken cancellationToken, RequestHandlerDelegate`1 next)
   at MediatR.Pipeline.RequestExceptionActionProcessorBehavior`2.Handle(TRequest request, CancellationToken cancellationToken, RequestHandlerDelegate`1 next)
   at MediatR.Pipeline.RequestExceptionActionProcessorBehavior`2.Handle(TRequest request, CancellationToken cancellationToken, RequestHandlerDelegate`1 next)
   at MediatR.Pipeline.RequestPostProcessorBehavior`2.Handle(TRequest request, CancellationToken cancellationToken, RequestHandlerDelegate`1 next)
   at MediatR.Pipeline.RequestPreProcessorBehavior`2.Handle(TRequest request, CancellationToken cancellationToken, RequestHandlerDelegate`1 next)
   at Courses.Controllers.CoursesController.Edit(Int32 id, CourseDTO course)
[2022-03-27 15:56:43.6530] [ERROR] [Courses.Controllers.CoursesController] System.NullReferenceException: Object reference not set to an instance of an object.
   at Courses.Repositories.CourseRepository.EditCourse(Int32 courseId, CourseDTO courseDTO)
   at Courses.CommandHandlers.EditCourseCommandHandler.Handle(EditCourseCommand request, CancellationToken cancellationToken)
   at MediatR.Pipeline.RequestExceptionProcessorBehavior`2.Handle(TRequest request, CancellationToken cancellationToken, RequestHandlerDelegate`1 next)
   at MediatR.Pipeline.RequestExceptionProcessorBehavior`2.Handle(TRequest request, CancellationToken cancellationToken, RequestHandlerDelegate`1 next)
   at MediatR.Pipeline.RequestExceptionActionProcessorBehavior`2.Handle(TRequest request, CancellationToken cancellationToken, RequestHandlerDelegate`1 next)
   at MediatR.Pipeline.RequestExceptionActionProcessorBehavior`2.Handle(TRequest request, CancellationToken cancellationToken, RequestHandlerDelegate`1 next)
   at MediatR.Pipeline.RequestPostProcessorBehavior`2.Handle(TRequest request, CancellationToken cancellationToken, RequestHandlerDelegate`1 next)
   at MediatR.Pipeline.RequestPreProcessorBehavior`2.Handle(TRequest request, CancellationToken cancellationToken, RequestHandlerDelegate`1 next)
   at Courses.Controllers.CoursesController.Edit(Int32 id, CourseDTO course) System.NullReferenceException: Object reference not set to an instance of an object.
   at Courses.Repositories.CourseRepository.EditCourse(Int32 courseId, CourseDTO courseDTO)
   at Courses.CommandHandlers.EditCourseCommandHandler.Handle(EditCourseCommand request, CancellationToken cancellationToken)
   at MediatR.Pipeline.RequestExceptionProcessorBehavior`2.Handle(TRequest request, CancellationToken cancellationToken, RequestHandlerDelegate`1 next)
   at MediatR.Pipeline.RequestExceptionProcessorBehavior`2.Handle(TRequest request, CancellationToken cancellationToken, RequestHandlerDelegate`1 next)
   at MediatR.Pipeline.RequestExceptionActionProcessorBehavior`2.Handle(TRequest request, CancellationToken cancellationToken, RequestHandlerDelegate`1 next)
   at MediatR.Pipeline.RequestExceptionActionProcessorBehavior`2.Handle(TRequest request, CancellationToken cancellationToken, RequestHandlerDelegate`1 next)
   at MediatR.Pipeline.RequestPostProcessorBehavior`2.Handle(TRequest request, CancellationToken cancellationToken, RequestHandlerDelegate`1 next)
   at MediatR.Pipeline.RequestPreProcessorBehavior`2.Handle(TRequest request, CancellationToken cancellationToken, RequestHandlerDelegate`1 next)
   at Courses.Controllers.CoursesController.Edit(Int32 id, CourseDTO course)
[2022-03-27 16:08:13.5976] [ERROR] [Courses.Controllers.CoursesController] System.NullReferenceException: Object reference not set to an instance of an object.
   at Courses.Repositories.CourseRepository.EditCourse(Int32 courseId, CourseDTO courseDTO) in C:\Users\kamil.krawczyk\Desktop\Courses\Courses\Courses\Repositories\CourseRepository.cs:line 55
   at Courses.CommandHandlers.EditCourseCommandHandler.Handle(EditCourseCommand request, CancellationToken cancellationToken) in C:\Users\kamil.krawczyk\Desktop\Courses\Courses\Courses\CommandHandlers\EditCourseCommandHandler.cs:line 20
   at MediatR.Pipeline.RequestExceptionProcessorBehavior`2.Handle(TRequest request, CancellationToken cancellationToken, RequestHandlerDelegate`1 next)
   at MediatR.Pipeline.RequestExceptionProcessorBehavior`2.Handle(TRequest request, CancellationToken cancellationToken, RequestHandlerDelegate`1 next)
   at MediatR.Pipeline.RequestExceptionActionProcessorBehavior`2.Handle(TRequest request, CancellationToken cancellationToken, RequestHandlerDelegate`1 next)
   at MediatR.Pipeline.RequestExceptionActionProcessorBehavior`2.Handle(TRequest request, CancellationToken cancellationToken, RequestHandlerDelegate`1 next)
   at MediatR.Pipeline.RequestPostProcessorBehavior`2.Handle(TRequest request, CancellationToken cancellationToken, RequestHandlerDelegate`1 next)
   at MediatR.Pipeline.RequestPreProcessorBehavior`2.Handle(TRequest request, CancellationToken cancellationToken, RequestHandlerDelegate`1 next)
   at Courses.Controllers.CoursesController.Edit(Int32 id, CourseDTO course) in C:\Users\kamil.krawczyk\Desktop\Courses\Courses\Courses\Controllers\CoursesController.cs:line 101 System.NullReferenceException: Object reference not set to an instance of an object.
   at Courses.Repositories.CourseRepository.EditCourse(Int32 courseId, CourseDTO courseDTO) in C:\Users\kamil.krawczyk\Desktop\Courses\Courses\Courses\Repositories\CourseRepository.cs:line 55
   at Courses.CommandHandlers.EditCourseCommandHandler.Handle(EditCourseCommand request, CancellationToken cancellationToken) in C:\Users\kamil.krawczyk\Desktop\Courses\Courses\Courses\CommandHandlers\EditCourseCommandHandler.cs:line 20
   at MediatR.Pipeline.RequestExceptionProcessorBehavior`2.Handle(TRequest request, CancellationToken cancellationToken, RequestHandlerDelegate`1 next)
   at MediatR.Pipeline.RequestExceptionProcessorBehavior`2.Handle(TRequest request, CancellationToken cancellationToken, RequestHandlerDelegate`1 next)
   at MediatR.Pipeline.RequestExceptionActionProcessorBehavior`2.Handle(TRequest request, CancellationToken cancellationToken, RequestHandlerDelegate`1 next)
   at MediatR.Pipeline.RequestExceptionActionProcessorBehavior`2.Handle(TRequest request, CancellationToken cancellationToken, RequestHandlerDelegate`1 next)
   at MediatR.Pipeline.RequestPostProcessorBehavior`2.Handle(TRequest request, CancellationToken cancellationToken, RequestHandlerDelegate`1 next)
   at MediatR.Pipeline.RequestPreProcessorBehavior`2.Handle(TRequest request, CancellationToken cancellationToken, RequestHandlerDelegate`1 next)
   at Courses.Controllers.CoursesController.Edit(Int32 id, CourseDTO course) in C:\Users\kamil.krawczyk\Desktop\Courses\Courses\Courses\Controllers\CoursesController.cs:line 101
[2022-03-27 16:08:50.2961] [ERROR] [Courses.Controllers.CoursesController] System.NullReferenceException: Object reference not set to an instance of an object.
   at Courses.Repositories.CourseRepository.EditCourse(Int32 courseId, CourseDTO courseDTO) in C:\Users\kamil.krawczyk\Desktop\Courses\Courses\Courses\Repositories\CourseRepository.cs:line 55
   at Courses.CommandHandlers.EditCourseCommandHandler.Handle(EditCourseCommand request, CancellationToken cancellationToken) in C:\Users\kamil.krawczyk\Desktop\Courses\Courses\Courses\CommandHandlers\EditCourseCommandHandler.cs:line 20
   at MediatR.Pipeline.RequestExceptionProcessorBehavior`2.Handle(TRequest request, CancellationToken cancellationToken, RequestHandlerDelegate`1 next)
   at MediatR.Pipeline.RequestExceptionProcessorBehavior`2.Handle(TRequest request, CancellationToken cancellationToken, RequestHandlerDelegate`1 next)
   at MediatR.Pipeline.RequestExceptionActionProcessorBehavior`2.Handle(TRequest request, CancellationToken cancellationToken, RequestHandlerDelegate`1 next)
   at MediatR.Pipeline.RequestExceptionActionProcessorBehavior`2.Handle(TRequest request, CancellationToken cancellationToken, RequestHandlerDelegate`1 next)
   at MediatR.Pipeline.RequestPostProcessorBehavior`2.Handle(TRequest request, CancellationToken cancellationToken, RequestHandlerDelegate`1 next)
   at MediatR.Pipeline.RequestPreProcessorBehavior`2.Handle(TRequest request, CancellationToken cancellationToken, RequestHandlerDelegate`1 next)
   at Courses.Controllers.CoursesController.Edit(Int32 id, CourseDTO course) in C:\Users\kamil.krawczyk\Desktop\Courses\Courses\Courses\Controllers\CoursesController.cs:line 101 System.NullReferenceException: Object reference not set to an instance of an object.
   at Courses.Repositories.CourseRepository.EditCourse(Int32 courseId, CourseDTO courseDTO) in C:\Users\kamil.krawczyk\Desktop\Courses\Courses\Courses\Repositories\CourseRepository.cs:line 55
   at Courses.CommandHandlers.EditCourseCommandHandler.Handle(EditCourseCommand request, CancellationToken cancellationToken) in C:\Users\kamil.krawczyk\Desktop\Courses\Courses\Courses\CommandHandlers\EditCourseCommandHandler.cs:line 20
   at MediatR.Pipeline.RequestExceptionProcessorBehavior`2.Handle(TRequest request, CancellationToken cancellationToken, RequestHandlerDelegate`1 next)
   at MediatR.Pipeline.RequestExceptionProcessorBehavior`2.Handle(TRequest request, CancellationToken cancellationToken, RequestHandlerDelegate`1 next)
   at MediatR.Pipeline.RequestExceptionActionProcessorBehavior`2.Handle(TRequest request, CancellationToken cancellationToken, RequestHandlerDelegate`1 next)
   at MediatR.Pipeline.RequestExceptionActionProcessorBehavior`2.Handle(TRequest request, CancellationToken cancellationToken, RequestHandlerDelegate`1 next)
   at MediatR.Pipeline.RequestPostProcessorBehavior`2.Handle(TRequest request, CancellationToken cancellationToken, RequestHandlerDelegate`1 next)
   at MediatR.Pipeline.RequestPreProcessorBehavior`2.Handle(TRequest request, CancellationToken cancellationToken, RequestHandlerDelegate`1 next)
   at Courses.Controllers.CoursesController.Edit(Int32 id, CourseDTO course) in C:\Users\kamil.krawczyk\Desktop\Courses\Courses\Courses\Controllers\CoursesController.cs:line 101
[2022-03-27 16:10:15.5846] [ERROR] [Courses.Controllers.CoursesController] System.NullReferenceException: Object reference not set to an instance of an object.
   at Courses.Repositories.CourseRepository.EditCourse(Int32 courseId, CourseDTO courseDTO) in C:\Users\kamil.krawczyk\Desktop\Courses\Courses\Courses\Repositories\CourseRepository.cs:line 55
   at Courses.CommandHandlers.EditCourseCommandHandler.Handle(EditCourseCommand request, CancellationToken cancellationToken) in C:\Users\kamil.krawczyk\Desktop\Courses\Courses\Courses\CommandHandlers\EditCourseCommandHandler.cs:line 20
   at MediatR.Pipeline.RequestExceptionProcessorBehavior`2.Handle(TRequest request, CancellationToken cancellationToken, RequestHandlerDelegate`1 next)
   at MediatR.Pipeline.RequestExceptionProcessorBehavior`2.Handle(TRequest request, CancellationToken cancellationToken, RequestHandlerDelegate`1 next)
   at MediatR.Pipeline.RequestExceptionActionProcessorBehavior`2.Handle(TRequest request, CancellationToken cancellationToken, RequestHandlerDelegate`1 next)
   at MediatR.Pipeline.RequestExceptionActionProcessorBehavior`2.Handle(TRequest request, CancellationToken cancellationToken, RequestHandlerDelegate`1 next)
   at MediatR.Pipeline.RequestPostProcessorBehavior`2.Handle(TRequest request, CancellationToken cancellationToken, RequestHandlerDelegate`1 next)
   at MediatR.Pipeline.RequestPreProcessorBehavior`2.Handle(TRequest request, CancellationToken cancellationToken, RequestHandlerDelegate`1 next)
   at Courses.Controllers.CoursesController.Edit(Int32 id, CourseDTO course) in C:\Users\kamil.krawczyk\Desktop\Courses\Courses\Courses\Controllers\CoursesController.cs:line 101 System.NullReferenceException: Object reference not set to an instance of an object.
   at Courses.Repositories.CourseRepository.EditCourse(Int32 courseId, CourseDTO courseDTO) in C:\Users\kamil.krawczyk\Desktop\Courses\Courses\Courses\Repositories\CourseRepository.cs:line 55
   at Courses.CommandHandlers.EditCourseCommandHandler.Handle(EditCourseCommand request, CancellationToken cancellationToken) in C:\Users\kamil.krawczyk\Desktop\Courses\Courses\Courses\CommandHandlers\EditCourseCommandHandler.cs:line 20
   at MediatR.Pipeline.RequestExceptionProcessorBehavior`2.Handle(TRequest request, CancellationToken cancellationToken, RequestHandlerDelegate`1 next)
   at MediatR.Pipeline.RequestExceptionProcessorBehavior`2.Handle(TRequest request, CancellationToken cancellationToken, RequestHandlerDelegate`1 next)
   at MediatR.Pipeline.RequestExceptionActionProcessorBehavior`2.Handle(TRequest request, CancellationToken cancellationToken, RequestHandlerDelegate`1 next)
   at MediatR.Pipeline.RequestExceptionActionProcessorBehavior`2.Handle(TRequest request, CancellationToken cancellationToken, RequestHandlerDelegate`1 next)
   at MediatR.Pipeline.RequestPostProcessorBehavior`2.Handle(TRequest request, CancellationToken cancellationToken, RequestHandlerDelegate`1 next)
   at MediatR.Pipeline.RequestPreProcessorBehavior`2.Handle(TRequest request, CancellationToken cancellationToken, RequestHandlerDelegate`1 next)
   at Courses.Controllers.CoursesController.Edit(Int32 id, CourseDTO course) in C:\Users\kamil.krawczyk\Desktop\Courses\Courses\Courses\Controllers\CoursesController.cs:line 101
[2022-03-27 16:11:21.1716] [ERROR] [Courses.Controllers.CoursesController] System.NullReferenceException: Object reference not set to an instance of an object.
   at Courses.Repositories.CourseRepository.EditCourse(Int32 courseId, CourseDTO courseDTO) in C:\Users\kamil.krawczyk\Desktop\Courses\Courses\Courses\Repositories\CourseRepository.cs:line 55
   at Courses.CommandHandlers.EditCourseCommandHandler.Handle(EditCourseCommand request, CancellationToken cancellationToken) in C:\Users\kamil.krawczyk\Desktop\Courses\Courses\Courses\CommandHandlers\EditCourseCommandHandler.cs:line 20
   at MediatR.Pipeline.RequestExceptionProcessorBehavior`2.Handle(TRequest request, CancellationToken cancellationToken, RequestHandlerDelegate`1 next)
   at MediatR.Pipeline.RequestExceptionProcessorBehavior`2.Handle(TRequest request, CancellationToken cancellationToken, RequestHandlerDelegate`1 next)
   at MediatR.Pipeline.RequestExceptionActionProcessorBehavior`2.Handle(TRequest request, CancellationToken cancellationToken, RequestHandlerDelegate`1 next)
   at MediatR.Pipeline.RequestExceptionActionProcessorBehavior`2.Handle(TRequest request, CancellationToken cancellationToken, RequestHandlerDelegate`1 next)
   at MediatR.Pipeline.RequestPostProcessorBehavior`2.Handle(TRequest request, CancellationToken cancellationToken, RequestHandlerDelegate`1 next)
   at MediatR.Pipeline.RequestPreProcessorBehavior`2.Handle(TRequest request, CancellationToken cancellationToken, RequestHandlerDelegate`1 next)
   at Courses.Controllers.CoursesController.Edit(Int32 id, CourseDTO course) in C:\Users\kamil.krawczyk\Desktop\Courses\Courses\Courses\Controllers\CoursesController.cs:line 101 System.NullReferenceException: Object reference not set to an instance of an object.
   at Courses.Repositories.CourseRepository.EditCourse(Int32 courseId, CourseDTO courseDTO) in C:\Users\kamil.krawczyk\Desktop\Courses\Courses\Courses\Repositories\CourseRepository.cs:line 55
   at Courses.CommandHandlers.EditCourseCommandHandler.Handle(EditCourseCommand request, CancellationToken cancellationToken) in C:\Users\kamil.krawczyk\Desktop\Courses\Courses\Courses\CommandHandlers\EditCourseCommandHandler.cs:line 20
   at MediatR.Pipeline.RequestExceptionProcessorBehavior`2.Handle(TRequest request, CancellationToken cancellationToken, RequestHandlerDelegate`1 next)
   at MediatR.Pipeline.RequestExceptionProcessorBehavior`2.Handle(TRequest request, CancellationToken cancellationToken, RequestHandlerDelegate`1 next)
   at MediatR.Pipeline.RequestExceptionActionProcessorBehavior`2.Handle(TRequest request, CancellationToken cancellationToken, RequestHandlerDelegate`1 next)
   at MediatR.Pipeline.RequestExceptionActionProcessorBehavior`2.Handle(TRequest request, CancellationToken cancellationToken, RequestHandlerDelegate`1 next)
   at MediatR.Pipeline.RequestPostProcessorBehavior`2.Handle(TRequest request, CancellationToken cancellationToken, RequestHandlerDelegate`1 next)
   at MediatR.Pipeline.RequestPreProcessorBehavior`2.Handle(TRequest request, CancellationToken cancellationToken, RequestHandlerDelegate`1 next)
   at Courses.Controllers.CoursesController.Edit(Int32 id, CourseDTO course) in C:\Users\kamil.krawczyk\Desktop\Courses\Courses\Courses\Controllers\CoursesController.cs:line 101
[2022-03-27 16:12:01.8042] [ERROR] [Courses.Controllers.CoursesController] System.NullReferenceException: Object reference not set to an instance of an object.
   at Courses.Repositories.CourseRepository.EditCourse(Int32 courseId, CourseDTO courseDTO) in C:\Users\kamil.krawczyk\Desktop\Courses\Courses\Courses\Repositories\CourseRepository.cs:line 55
   at Courses.CommandHandlers.EditCourseCommandHandler.Handle(EditCourseCommand request, CancellationToken cancellationToken) in C:\Users\kamil.krawczyk\Desktop\Courses\Courses\Courses\CommandHandlers\EditCourseCommandHandler.cs:line 20
   at MediatR.Pipeline.RequestExceptionProcessorBehavior`2.Handle(TRequest request, CancellationToken cancellationToken, RequestHandlerDelegate`1 next)
   at MediatR.Pipeline.RequestExceptionProcessorBehavior`2.Handle(TRequest request, CancellationToken cancellationToken, RequestHandlerDelegate`1 next)
   at MediatR.Pipeline.RequestExceptionActionProcessorBehavior`2.Handle(TRequest request, CancellationToken cancellationToken, RequestHandlerDelegate`1 next)
   at MediatR.Pipeline.RequestExceptionActionProcessorBehavior`2.Handle(TRequest request, CancellationToken cancellationToken, RequestHandlerDelegate`1 next)
   at MediatR.Pipeline.RequestPostProcessorBehavior`2.Handle(TRequest request, CancellationToken cancellationToken, RequestHandlerDelegate`1 next)
   at MediatR.Pipeline.RequestPreProcessorBehavior`2.Handle(TRequest request, CancellationToken cancellationToken, RequestHandlerDelegate`1 next)
   at Courses.Controllers.CoursesController.Edit(Int32 id, CourseDTO course) in C:\Users\kamil.krawczyk\Desktop\Courses\Courses\Courses\Controllers\CoursesController.cs:line 101 System.NullReferenceException: Object reference not set to an instance of an object.
   at Courses.Repositories.CourseRepository.EditCourse(Int32 courseId, CourseDTO courseDTO) in C:\Users\kamil.krawczyk\Desktop\Courses\Courses\Courses\Repositories\CourseRepository.cs:line 55
   at Courses.CommandHandlers.EditCourseCommandHandler.Handle(EditCourseCommand request, CancellationToken cancellationToken) in C:\Users\kamil.krawczyk\Desktop\Courses\Courses\Courses\CommandHandlers\EditCourseCommandHandler.cs:line 20
   at MediatR.Pipeline.RequestExceptionProcessorBehavior`2.Handle(TRequest request, CancellationToken cancellationToken, RequestHandlerDelegate`1 next)
   at MediatR.Pipeline.RequestExceptionProcessorBehavior`2.Handle(TRequest request, CancellationToken cancellationToken, RequestHandlerDelegate`1 next)
   at MediatR.Pipeline.RequestExceptionActionProcessorBehavior`2.Handle(TRequest request, CancellationToken cancellationToken, RequestHandlerDelegate`1 next)
   at MediatR.Pipeline.RequestExceptionActionProcessorBehavior`2.Handle(TRequest request, CancellationToken cancellationToken, RequestHandlerDelegate`1 next)
   at MediatR.Pipeline.RequestPostProcessorBehavior`2.Handle(TRequest request, CancellationToken cancellationToken, RequestHandlerDelegate`1 next)
   at MediatR.Pipeline.RequestPreProcessorBehavior`2.Handle(TRequest request, CancellationToken cancellationToken, RequestHandlerDelegate`1 next)
   at Courses.Controllers.CoursesController.Edit(Int32 id, CourseDTO course) in C:\Users\kamil.krawczyk\Desktop\Courses\Courses\Courses\Controllers\CoursesController.cs:line 101
[2022-03-27 16:14:09.8785] [ERROR] [Courses.Controllers.CoursesController] System.NullReferenceException: Object reference not set to an instance of an object.
   at Courses.Repositories.CourseRepository.EditCourse(Int32 courseId, CourseDTO courseDTO) in C:\Users\kamil.krawczyk\Desktop\Courses\Courses\Courses\Repositories\CourseRepository.cs:line 55
   at Courses.CommandHandlers.EditCourseCommandHandler.Handle(EditCourseCommand request, CancellationToken cancellationToken) in C:\Users\kamil.krawczyk\Desktop\Courses\Courses\Courses\CommandHandlers\EditCourseCommandHandler.cs:line 20
   at MediatR.Pipeline.RequestExceptionProcessorBehavior`2.Handle(TRequest request, CancellationToken cancellationToken, RequestHandlerDelegate`1 next)
   at MediatR.Pipeline.RequestExceptionProcessorBehavior`2.Handle(TRequest request, CancellationToken cancellationToken, RequestHandlerDelegate`1 next)
   at MediatR.Pipeline.RequestExceptionActionProcessorBehavior`2.Handle(TRequest request, CancellationToken cancellationToken, RequestHandlerDelegate`1 next)
   at MediatR.Pipeline.RequestExceptionActionProcessorBehavior`2.Handle(TRequest request, CancellationToken cancellationToken, RequestHandlerDelegate`1 next)
   at MediatR.Pipeline.RequestPostProcessorBehavior`2.Handle(TRequest request, CancellationToken cancellationToken, RequestHandlerDelegate`1 next)
   at MediatR.Pipeline.RequestPreProcessorBehavior`2.Handle(TRequest request, CancellationToken cancellationToken, RequestHandlerDelegate`1 next)
   at Courses.Controllers.CoursesController.Edit(Int32 id, CourseDTO course) in C:\Users\kamil.krawczyk\Desktop\Courses\Courses\Courses\Controllers\CoursesController.cs:line 101 System.NullReferenceException: Object reference not set to an instance of an object.
   at Courses.Repositories.CourseRepository.EditCourse(Int32 courseId, CourseDTO courseDTO) in C:\Users\kamil.krawczyk\Desktop\Courses\Courses\Courses\Repositories\CourseRepository.cs:line 55
   at Courses.CommandHandlers.EditCourseCommandHandler.Handle(EditCourseCommand request, CancellationToken cancellationToken) in C:\Users\kamil.krawczyk\Desktop\Courses\Courses\Courses\CommandHandlers\EditCourseCommandHandler.cs:line 20
   at MediatR.Pipeline.RequestExceptionProcessorBehavior`2.Handle(TRequest request, CancellationToken cancellationToken, RequestHandlerDelegate`1 next)
   at MediatR.Pipeline.RequestExceptionProcessorBehavior`2.Handle(TRequest request, CancellationToken cancellationToken, RequestHandlerDelegate`1 next)
   at MediatR.Pipeline.RequestExceptionActionProcessorBehavior`2.Handle(TRequest request, CancellationToken cancellationToken, RequestHandlerDelegate`1 next)
   at MediatR.Pipeline.RequestExceptionActionProcessorBehavior`2.Handle(TRequest request, CancellationToken cancellationToken, RequestHandlerDelegate`1 next)
   at MediatR.Pipeline.RequestPostProcessorBehavior`2.Handle(TRequest request, CancellationToken cancellationToken, RequestHandlerDelegate`1 next)
   at MediatR.Pipeline.RequestPreProcessorBehavior`2.Handle(TRequest request, CancellationToken cancellationToken, RequestHandlerDelegate`1 next)
   at Courses.Controllers.CoursesController.Edit(Int32 id, CourseDTO course) in C:\Users\kamil.krawczyk\Desktop\Courses\Courses\Courses\Controllers\CoursesController.cs:line 101
[2022-03-27 16:27:26.2992] [ERROR] [Courses.Controllers.CoursesController] System.NullReferenceException: Object reference not set to an instance of an object.
   at Courses.Repositories.CourseRepository.EditCourse(Int32 courseId, CourseDTO courseDTO) in C:\Users\kamil.krawczyk\Desktop\Courses\Courses\Courses\Repositories\CourseRepository.cs:line 55
   at Courses.CommandHandlers.EditCourseCommandHandler.Handle(EditCourseCommand request, CancellationToken cancellationToken) in C:\Users\kamil.krawczyk\Desktop\Courses\Courses\Courses\CommandHandlers\EditCourseCommandHandler.cs:line 20
   at MediatR.Pipeline.RequestExceptionProcessorBehavior`2.Handle(TRequest request, CancellationToken cancellationToken, RequestHandlerDelegate`1 next)
   at MediatR.Pipeline.RequestExceptionProcessorBehavior`2.Handle(TRequest request, CancellationToken cancellationToken, RequestHandlerDelegate`1 next)
   at MediatR.Pipeline.RequestExceptionActionProcessorBehavior`2.Handle(TRequest request, CancellationToken cancellationToken, RequestHandlerDelegate`1 next)
   at MediatR.Pipeline.RequestExceptionActionProcessorBehavior`2.Handle(TRequest request, CancellationToken cancellationToken, RequestHandlerDelegate`1 next)
   at MediatR.Pipeline.RequestPostProcessorBehavior`2.Handle(TRequest request, CancellationToken cancellationToken, RequestHandlerDelegate`1 next)
   at MediatR.Pipeline.RequestPreProcessorBehavior`2.Handle(TRequest request, CancellationToken cancellationToken, RequestHandlerDelegate`1 next)
   at Courses.Controllers.CoursesController.Edit(Int32 id, CourseDTO course) in C:\Users\kamil.krawczyk\Desktop\Courses\Courses\Courses\Controllers\CoursesController.cs:line 101 System.NullReferenceException: Object reference not set to an instance of an object.
   at Courses.Repositories.CourseRepository.EditCourse(Int32 courseId, CourseDTO courseDTO) in C:\Users\kamil.krawczyk\Desktop\Courses\Courses\Courses\Repositories\CourseRepository.cs:line 55
   at Courses.CommandHandlers.EditCourseCommandHandler.Handle(EditCourseCommand request, CancellationToken cancellationToken) in C:\Users\kamil.krawczyk\Desktop\Courses\Courses\Courses\CommandHandlers\EditCourseCommandHandler.cs:line 20
   at MediatR.Pipeline.RequestExceptionProcessorBehavior`2.Handle(TRequest request, CancellationToken cancellationToken, RequestHandlerDelegate`1 next)
   at MediatR.Pipeline.RequestExceptionProcessorBehavior`2.Handle(TRequest request, CancellationToken cancellationToken, RequestHandlerDelegate`1 next)
   at MediatR.Pipeline.RequestExceptionActionProcessorBehavior`2.Handle(TRequest request, CancellationToken cancellationToken, RequestHandlerDelegate`1 next)
   at MediatR.Pipeline.RequestExceptionActionProcessorBehavior`2.Handle(TRequest request, CancellationToken cancellationToken, RequestHandlerDelegate`1 next)
   at MediatR.Pipeline.RequestPostProcessorBehavior`2.Handle(TRequest request, CancellationToken cancellationToken, RequestHandlerDelegate`1 next)
   at MediatR.Pipeline.RequestPreProcessorBehavior`2.Handle(TRequest request, CancellationToken cancellationToken, RequestHandlerDelegate`1 next)
   at Courses.Controllers.CoursesController.Edit(Int32 id, CourseDTO course) in C:\Users\kamil.krawczyk\Desktop\Courses\Courses\Courses\Controllers\CoursesController.cs:line 101
[2022-03-27 16:30:26.7590] [ERROR] [Courses.Controllers.CoursesController] System.NullReferenceException: Object reference not set to an instance of an object.
   at Courses.Repositories.CourseRepository.EditCourse(Int32 courseId, CourseDTO courseDTO) in C:\Users\kamil.krawczyk\Desktop\Courses\Courses\Courses\Repositories\CourseRepository.cs:line 55
   at Courses.CommandHandlers.EditCourseCommandHandler.Handle(EditCourseCommand request, CancellationToken cancellationToken) in C:\Users\kamil.krawczyk\Desktop\Courses\Courses\Courses\CommandHandlers\EditCourseCommandHandler.cs:line 20
   at MediatR.Pipeline.RequestExceptionProcessorBehavior`2.Handle(TRequest request, CancellationToken cancellationToken, RequestHandlerDelegate`1 next)
   at MediatR.Pipeline.RequestExceptionProcessorBehavior`2.Handle(TRequest request, CancellationToken cancellationToken, RequestHandlerDelegate`1 next)
   at MediatR.Pipeline.RequestExceptionActionProcessorBehavior`2.Handle(TRequest request, CancellationToken cancellationToken, RequestHandlerDelegate`1 next)
   at MediatR.Pipeline.RequestExceptionActionProcessorBehavior`2.Handle(TRequest request, CancellationToken cancellationToken, RequestHandlerDelegate`1 next)
   at MediatR.Pipeline.RequestPostProcessorBehavior`2.Handle(TRequest request, CancellationToken cancellationToken, RequestHandlerDelegate`1 next)
   at MediatR.Pipeline.RequestPreProcessorBehavior`2.Handle(TRequest request, CancellationToken cancellationToken, RequestHandlerDelegate`1 next)
   at Courses.Controllers.CoursesController.Edit(Int32 id, CourseDTO course) in C:\Users\kamil.krawczyk\Desktop\Courses\Courses\Courses\Controllers\CoursesController.cs:line 101 System.NullReferenceException: Object reference not set to an instance of an object.
   at Courses.Repositories.CourseRepository.EditCourse(Int32 courseId, CourseDTO courseDTO) in C:\Users\kamil.krawczyk\Desktop\Courses\Courses\Courses\Repositories\CourseRepository.cs:line 55
   at Courses.CommandHandlers.EditCourseCommandHandler.Handle(EditCourseCommand request, CancellationToken cancellationToken) in C:\Users\kamil.krawczyk\Desktop\Courses\Courses\Courses\CommandHandlers\EditCourseCommandHandler.cs:line 20
   at MediatR.Pipeline.RequestExceptionProcessorBehavior`2.Handle(TRequest request, CancellationToken cancellationToken, RequestHandlerDelegate`1 next)
   at MediatR.Pipeline.RequestExceptionProcessorBehavior`2.Handle(TRequest request, CancellationToken cancellationToken, RequestHandlerDelegate`1 next)
   at MediatR.Pipeline.RequestExceptionActionProcessorBehavior`2.Handle(TRequest request, CancellationToken cancellationToken, RequestHandlerDelegate`1 next)
   at MediatR.Pipeline.RequestExceptionActionProcessorBehavior`2.Handle(TRequest request, CancellationToken cancellationToken, RequestHandlerDelegate`1 next)
   at MediatR.Pipeline.RequestPostProcessorBehavior`2.Handle(TRequest request, CancellationToken cancellationToken, RequestHandlerDelegate`1 next)
   at MediatR.Pipeline.RequestPreProcessorBehavior`2.Handle(TRequest request, CancellationToken cancellationToken, RequestHandlerDelegate`1 next)
   at Courses.Controllers.CoursesController.Edit(Int32 id, CourseDTO course) in C:\Users\kamil.krawczyk\Desktop\Courses\Courses\Courses\Controllers\CoursesController.cs:line 101
[2022-03-27 16:30:41.2083] [ERROR] [Courses.Controllers.CoursesController] System.NullReferenceException: Object reference not set to an instance of an object.
   at Courses.Repositories.CourseRepository.EditCourse(Int32 courseId, CourseDTO courseDTO) in C:\Users\kamil.krawczyk\Desktop\Courses\Courses\Courses\Repositories\CourseRepository.cs:line 55
   at Courses.CommandHandlers.EditCourseCommandHandler.Handle(EditCourseCommand request, CancellationToken cancellationToken) in C:\Users\kamil.krawczyk\Desktop\Courses\Courses\Courses\CommandHandlers\EditCourseCommandHandler.cs:line 20
   at MediatR.Pipeline.RequestExceptionProcessorBehavior`2.Handle(TRequest request, CancellationToken cancellationToken, RequestHandlerDelegate`1 next)
   at MediatR.Pipeline.RequestExceptionProcessorBehavior`2.Handle(TRequest request, CancellationToken cancellationToken, RequestHandlerDelegate`1 next)
   at MediatR.Pipeline.RequestExceptionActionProcessorBehavior`2.Handle(TRequest request, CancellationToken cancellationToken, RequestHandlerDelegate`1 next)
   at MediatR.Pipeline.RequestExceptionActionProcessorBehavior`2.Handle(TRequest request, CancellationToken cancellationToken, RequestHandlerDelegate`1 next)
   at MediatR.Pipeline.RequestPostProcessorBehavior`2.Handle(TRequest request, CancellationToken cancellationToken, RequestHandlerDelegate`1 next)
   at MediatR.Pipeline.RequestPreProcessorBehavior`2.Handle(TRequest request, CancellationToken cancellationToken, RequestHandlerDelegate`1 next)
   at Courses.Controllers.CoursesController.Edit(Int32 id, CourseDTO course) in C:\Users\kamil.krawczyk\Desktop\Courses\Courses\Courses\Controllers\CoursesController.cs:line 101 System.NullReferenceException: Object reference not set to an instance of an object.
   at Courses.Repositories.CourseRepository.EditCourse(Int32 courseId, CourseDTO courseDTO) in C:\Users\kamil.krawczyk\Desktop\Courses\Courses\Courses\Repositories\CourseRepository.cs:line 55
   at Courses.CommandHandlers.EditCourseCommandHandler.Handle(EditCourseCommand request, CancellationToken cancellationToken) in C:\Users\kamil.krawczyk\Desktop\Courses\Courses\Courses\CommandHandlers\EditCourseCommandHandler.cs:line 20
   at MediatR.Pipeline.RequestExceptionProcessorBehavior`2.Handle(TRequest request, CancellationToken cancellationToken, RequestHandlerDelegate`1 next)
   at MediatR.Pipeline.RequestExceptionProcessorBehavior`2.Handle(TRequest request, CancellationToken cancellationToken, RequestHandlerDelegate`1 next)
   at MediatR.Pipeline.RequestExceptionActionProcessorBehavior`2.Handle(TRequest request, CancellationToken cancellationToken, RequestHandlerDelegate`1 next)
   at MediatR.Pipeline.RequestExceptionActionProcessorBehavior`2.Handle(TRequest request, CancellationToken cancellationToken, RequestHandlerDelegate`1 next)
   at MediatR.Pipeline.RequestPostProcessorBehavior`2.Handle(TRequest request, CancellationToken cancellationToken, RequestHandlerDelegate`1 next)
   at MediatR.Pipeline.RequestPreProcessorBehavior`2.Handle(TRequest request, CancellationToken cancellationToken, RequestHandlerDelegate`1 next)
   at Courses.Controllers.CoursesController.Edit(Int32 id, CourseDTO course) in C:\Users\kamil.krawczyk\Desktop\Courses\Courses\Courses\Controllers\CoursesController.cs:line 101
[2022-03-27 16:32:37.4480] [ERROR] [Courses.Controllers.CoursesController] System.NullReferenceException: Object reference not set to an instance of an object.
   at Courses.Repositories.CourseRepository.EditCourse(Int32 courseId, CourseDTO courseDTO) in C:\Users\kamil.krawczyk\Desktop\Courses\Courses\Courses\Repositories\CourseRepository.cs:line 55
   at Courses.CommandHandlers.EditCourseCommandHandler.Handle(EditCourseCommand request, CancellationToken cancellationToken) in C:\Users\kamil.krawczyk\Desktop\Courses\Courses\Courses\CommandHandlers\EditCourseCommandHandler.cs:line 20
   at MediatR.Pipeline.RequestExceptionProcessorBehavior`2.Handle(TRequest request, CancellationToken cancellationToken, RequestHandlerDelegate`1 next)
   at MediatR.Pipeline.RequestExceptionProcessorBehavior`2.Handle(TRequest request, CancellationToken cancellationToken, RequestHandlerDelegate`1 next)
   at MediatR.Pipeline.RequestExceptionActionProcessorBehavior`2.Handle(TRequest request, CancellationToken cancellationToken, RequestHandlerDelegate`1 next)
   at MediatR.Pipeline.RequestExceptionActionProcessorBehavior`2.Handle(TRequest request, CancellationToken cancellationToken, RequestHandlerDelegate`1 next)
   at MediatR.Pipeline.RequestPostProcessorBehavior`2.Handle(TRequest request, CancellationToken cancellationToken, RequestHandlerDelegate`1 next)
   at MediatR.Pipeline.RequestPreProcessorBehavior`2.Handle(TRequest request, CancellationToken cancellationToken, RequestHandlerDelegate`1 next)
   at Courses.Controllers.CoursesController.Edit(Int32 id, CourseDTO course) in C:\Users\kamil.krawczyk\Desktop\Courses\Courses\Courses\Controllers\CoursesController.cs:line 101 System.NullReferenceException: Object reference not set to an instance of an object.
   at Courses.Repositories.CourseRepository.EditCourse(Int32 courseId, CourseDTO courseDTO) in C:\Users\kamil.krawczyk\Desktop\Courses\Courses\Courses\Repositories\CourseRepository.cs:line 55
   at Courses.CommandHandlers.EditCourseCommandHandler.Handle(EditCourseCommand request, CancellationToken cancellationToken) in C:\Users\kamil.krawczyk\Desktop\Courses\Courses\Courses\CommandHandlers\EditCourseCommandHandler.cs:line 20
   at MediatR.Pipeline.RequestExceptionProcessorBehavior`2.Handle(TRequest request, CancellationToken cancellationToken, RequestHandlerDelegate`1 next)
   at MediatR.Pipeline.RequestExceptionProcessorBehavior`2.Handle(TRequest request, CancellationToken cancellationToken, RequestHandlerDelegate`1 next)
   at MediatR.Pipeline.RequestExceptionActionProcessorBehavior`2.Handle(TRequest request, CancellationToken cancellationToken, RequestHandlerDelegate`1 next)
   at MediatR.Pipeline.RequestExceptionActionProcessorBehavior`2.Handle(TRequest request, CancellationToken cancellationToken, RequestHandlerDelegate`1 next)
   at MediatR.Pipeline.RequestPostProcessorBehavior`2.Handle(TRequest request, CancellationToken cancellationToken, RequestHandlerDelegate`1 next)
   at MediatR.Pipeline.RequestPreProcessorBehavior`2.Handle(TRequest request, CancellationToken cancellationToken, RequestHandlerDelegate`1 next)
   at Courses.Controllers.CoursesController.Edit(Int32 id, CourseDTO course) in C:\Users\kamil.krawczyk\Desktop\Courses\Courses\Courses\Controllers\CoursesController.cs:line 101
[2022-03-27 16:32:55.4912] [ERROR] [Courses.Controllers.CoursesController] System.NullReferenceException: Object reference not set to an instance of an object.
   at Courses.Repositories.CourseRepository.EditCourse(Int32 courseId, CourseDTO courseDTO) in C:\Users\kamil.krawczyk\Desktop\Courses\Courses\Courses\Repositories\CourseRepository.cs:line 55
   at Courses.CommandHandlers.EditCourseCommandHandler.Handle(EditCourseCommand request, CancellationToken cancellationToken) in C:\Users\kamil.krawczyk\Desktop\Courses\Courses\Courses\CommandHandlers\EditCourseCommandHandler.cs:line 20
   at MediatR.Pipeline.RequestExceptionProcessorBehavior`2.Handle(TRequest request, CancellationToken cancellationToken, RequestHandlerDelegate`1 next)
   at MediatR.Pipeline.RequestExceptionProcessorBehavior`2.Handle(TRequest request, CancellationToken cancellationToken, RequestHandlerDelegate`1 next)
   at MediatR.Pipeline.RequestExceptionActionProcessorBehavior`2.Handle(TRequest request, CancellationToken cancellationToken, RequestHandlerDelegate`1 next)
   at MediatR.Pipeline.RequestExceptionActionProcessorBehavior`2.Handle(TRequest request, CancellationToken cancellationToken, RequestHandlerDelegate`1 next)
   at MediatR.Pipeline.RequestPostProcessorBehavior`2.Handle(TRequest request, CancellationToken cancellationToken, RequestHandlerDelegate`1 next)
   at MediatR.Pipeline.RequestPreProcessorBehavior`2.Handle(TRequest request, CancellationToken cancellationToken, RequestHandlerDelegate`1 next)
   at Courses.Controllers.CoursesController.Edit(Int32 id, CourseDTO course) in C:\Users\kamil.krawczyk\Desktop\Courses\Courses\Courses\Controllers\CoursesController.cs:line 101 System.NullReferenceException: Object reference not set to an instance of an object.
   at Courses.Repositories.CourseRepository.EditCourse(Int32 courseId, CourseDTO courseDTO) in C:\Users\kamil.krawczyk\Desktop\Courses\Courses\Courses\Repositories\CourseRepository.cs:line 55
   at Courses.CommandHandlers.EditCourseCommandHandler.Handle(EditCourseCommand request, CancellationToken cancellationToken) in C:\Users\kamil.krawczyk\Desktop\Courses\Courses\Courses\CommandHandlers\EditCourseCommandHandler.cs:line 20
   at MediatR.Pipeline.RequestExceptionProcessorBehavior`2.Handle(TRequest request, CancellationToken cancellationToken, RequestHandlerDelegate`1 next)
   at MediatR.Pipeline.RequestExceptionProcessorBehavior`2.Handle(TRequest request, CancellationToken cancellationToken, RequestHandlerDelegate`1 next)
   at MediatR.Pipeline.RequestExceptionActionProcessorBehavior`2.Handle(TRequest request, CancellationToken cancellationToken, RequestHandlerDelegate`1 next)
   at MediatR.Pipeline.RequestExceptionActionProcessorBehavior`2.Handle(TRequest request, CancellationToken cancellationToken, RequestHandlerDelegate`1 next)
   at MediatR.Pipeline.RequestPostProcessorBehavior`2.Handle(TRequest request, CancellationToken cancellationToken, RequestHandlerDelegate`1 next)
   at MediatR.Pipeline.RequestPreProcessorBehavior`2.Handle(TRequest request, CancellationToken cancellationToken, RequestHandlerDelegate`1 next)
   at Courses.Controllers.CoursesController.Edit(Int32 id, CourseDTO course) in C:\Users\kamil.krawczyk\Desktop\Courses\Courses\Courses\Controllers\CoursesController.cs:line 101
[2022-03-27 16:48:10.8907] [ERROR] [Courses.Controllers.CoursesController] System.NullReferenceException: Object reference not set to an instance of an object.
   at Courses.Repositories.CourseRepository.EditCourse(Int32 courseId, CourseDTO courseDTO) in C:\Users\kamil.krawczyk\Desktop\Courses\Courses\Courses\Repositories\CourseRepository.cs:line 79
   at Courses.CommandHandlers.EditCourseCommandHandler.Handle(EditCourseCommand request, CancellationToken cancellationToken) in C:\Users\kamil.krawczyk\Desktop\Courses\Courses\Courses\CommandHandlers\EditCourseCommandHandler.cs:line 20
   at MediatR.Pipeline.RequestExceptionProcessorBehavior`2.Handle(TRequest request, CancellationToken cancellationToken, RequestHandlerDelegate`1 next)
   at MediatR.Pipeline.RequestExceptionProcessorBehavior`2.Handle(TRequest request, CancellationToken cancellationToken, RequestHandlerDelegate`1 next)
   at MediatR.Pipeline.RequestExceptionActionProcessorBehavior`2.Handle(TRequest request, CancellationToken cancellationToken, RequestHandlerDelegate`1 next)
   at MediatR.Pipeline.RequestExceptionActionProcessorBehavior`2.Handle(TRequest request, CancellationToken cancellationToken, RequestHandlerDelegate`1 next)
   at MediatR.Pipeline.RequestPostProcessorBehavior`2.Handle(TRequest request, CancellationToken cancellationToken, RequestHandlerDelegate`1 next)
   at MediatR.Pipeline.RequestPreProcessorBehavior`2.Handle(TRequest request, CancellationToken cancellationToken, RequestHandlerDelegate`1 next)
   at Courses.Controllers.CoursesController.Edit(Int32 id, CourseDTO course) in C:\Users\kamil.krawczyk\Desktop\Courses\Courses\Courses\Controllers\CoursesController.cs:line 101 System.NullReferenceException: Object reference not set to an instance of an object.
   at Courses.Repositories.CourseRepository.EditCourse(Int32 courseId, CourseDTO courseDTO) in C:\Users\kamil.krawczyk\Desktop\Courses\Courses\Courses\Repositories\CourseRepository.cs:line 79
   at Courses.CommandHandlers.EditCourseCommandHandler.Handle(EditCourseCommand request, CancellationToken cancellationToken) in C:\Users\kamil.krawczyk\Desktop\Courses\Courses\Courses\CommandHandlers\EditCourseCommandHandler.cs:line 20
   at MediatR.Pipeline.RequestExceptionProcessorBehavior`2.Handle(TRequest request, CancellationToken cancellationToken, RequestHandlerDelegate`1 next)
   at MediatR.Pipeline.RequestExceptionProcessorBehavior`2.Handle(TRequest request, CancellationToken cancellationToken, RequestHandlerDelegate`1 next)
   at MediatR.Pipeline.RequestExceptionActionProcessorBehavior`2.Handle(TRequest request, CancellationToken cancellationToken, RequestHandlerDelegate`1 next)
   at MediatR.Pipeline.RequestExceptionActionProcessorBehavior`2.Handle(TRequest request, CancellationToken cancellationToken, RequestHandlerDelegate`1 next)
   at MediatR.Pipeline.RequestPostProcessorBehavior`2.Handle(TRequest request, CancellationToken cancellationToken, RequestHandlerDelegate`1 next)
   at MediatR.Pipeline.RequestPreProcessorBehavior`2.Handle(TRequest request, CancellationToken cancellationToken, RequestHandlerDelegate`1 next)
   at Courses.Controllers.CoursesController.Edit(Int32 id, CourseDTO course) in C:\Users\kamil.krawczyk\Desktop\Courses\Courses\Courses\Controllers\CoursesController.cs:line 101
[2022-03-27 16:49:41.6869] [ERROR] [Courses.Controllers.CoursesController] System.NullReferenceException: Object reference not set to an instance of an object.
   at Courses.Repositories.CourseRepository.EditCourse(Int32 courseId, CourseDTO courseDTO) in C:\Users\kamil.krawczyk\Desktop\Courses\Courses\Courses\Repositories\CourseRepository.cs:line 79
   at Courses.CommandHandlers.EditCourseCommandHandler.Handle(EditCourseCommand request, CancellationToken cancellationToken) in C:\Users\kamil.krawczyk\Desktop\Courses\Courses\Courses\CommandHandlers\EditCourseCommandHandler.cs:line 20
   at MediatR.Pipeline.RequestExceptionProcessorBehavior`2.Handle(TRequest request, CancellationToken cancellationToken, RequestHandlerDelegate`1 next)
   at MediatR.Pipeline.RequestExceptionProcessorBehavior`2.Handle(TRequest request, CancellationToken cancellationToken, RequestHandlerDelegate`1 next)
   at MediatR.Pipeline.RequestExceptionActionProcessorBehavior`2.Handle(TRequest request, CancellationToken cancellationToken, RequestHandlerDelegate`1 next)
   at MediatR.Pipeline.RequestExceptionActionProcessorBehavior`2.Handle(TRequest request, CancellationToken cancellationToken, RequestHandlerDelegate`1 next)
   at MediatR.Pipeline.RequestPostProcessorBehavior`2.Handle(TRequest request, CancellationToken cancellationToken, RequestHandlerDelegate`1 next)
   at MediatR.Pipeline.RequestPreProcessorBehavior`2.Handle(TRequest request, CancellationToken cancellationToken, RequestHandlerDelegate`1 next)
   at Courses.Controllers.CoursesController.Edit(Int32 id, CourseDTO course) in C:\Users\kamil.krawczyk\Desktop\Courses\Courses\Courses\Controllers\CoursesController.cs:line 101 System.NullReferenceException: Object reference not set to an instance of an object.
   at Courses.Repositories.CourseRepository.EditCourse(Int32 courseId, CourseDTO courseDTO) in C:\Users\kamil.krawczyk\Desktop\Courses\Courses\Courses\Repositories\CourseRepository.cs:line 79
   at Courses.CommandHandlers.EditCourseCommandHandler.Handle(EditCourseCommand request, CancellationToken cancellationToken) in C:\Users\kamil.krawczyk\Desktop\Courses\Courses\Courses\CommandHandlers\EditCourseCommandHandler.cs:line 20
   at MediatR.Pipeline.RequestExceptionProcessorBehavior`2.Handle(TRequest request, CancellationToken cancellationToken, RequestHandlerDelegate`1 next)
   at MediatR.Pipeline.RequestExceptionProcessorBehavior`2.Handle(TRequest request, CancellationToken cancellationToken, RequestHandlerDelegate`1 next)
   at MediatR.Pipeline.RequestExceptionActionProcessorBehavior`2.Handle(TRequest request, CancellationToken cancellationToken, RequestHandlerDelegate`1 next)
   at MediatR.Pipeline.RequestExceptionActionProcessorBehavior`2.Handle(TRequest request, CancellationToken cancellationToken, RequestHandlerDelegate`1 next)
   at MediatR.Pipeline.RequestPostProcessorBehavior`2.Handle(TRequest request, CancellationToken cancellationToken, RequestHandlerDelegate`1 next)
   at MediatR.Pipeline.RequestPreProcessorBehavior`2.Handle(TRequest request, CancellationToken cancellationToken, RequestHandlerDelegate`1 next)
   at Courses.Controllers.CoursesController.Edit(Int32 id, CourseDTO course) in C:\Users\kamil.krawczyk\Desktop\Courses\Courses\Courses\Controllers\CoursesController.cs:line 101
[2022-03-27 16:50:24.7332] [ERROR] [Courses.Controllers.CoursesController] System.NullReferenceException: Object reference not set to an instance of an object.
   at Courses.Repositories.CourseRepository.EditCourse(Int32 courseId, CourseDTO courseDTO) in C:\Users\kamil.krawczyk\Desktop\Courses\Courses\Courses\Repositories\CourseRepository.cs:line 79
   at Courses.CommandHandlers.EditCourseCommandHandler.Handle(EditCourseCommand request, CancellationToken cancellationToken) in C:\Users\kamil.krawczyk\Desktop\Courses\Courses\Courses\CommandHandlers\EditCourseCommandHandler.cs:line 20
   at MediatR.Pipeline.RequestExceptionProcessorBehavior`2.Handle(TRequest request, CancellationToken cancellationToken, RequestHandlerDelegate`1 next)
   at MediatR.Pipeline.RequestExceptionProcessorBehavior`2.Handle(TRequest request, CancellationToken cancellationToken, RequestHandlerDelegate`1 next)
   at MediatR.Pipeline.RequestExceptionActionProcessorBehavior`2.Handle(TRequest request, CancellationToken cancellationToken, RequestHandlerDelegate`1 next)
   at MediatR.Pipeline.RequestExceptionActionProcessorBehavior`2.Handle(TRequest request, CancellationToken cancellationToken, RequestHandlerDelegate`1 next)
   at MediatR.Pipeline.RequestPostProcessorBehavior`2.Handle(TRequest request, CancellationToken cancellationToken, RequestHandlerDelegate`1 next)
   at MediatR.Pipeline.RequestPreProcessorBehavior`2.Handle(TRequest request, CancellationToken cancellationToken, RequestHandlerDelegate`1 next)
   at Courses.Controllers.CoursesController.Edit(Int32 id, CourseDTO course) in C:\Users\kamil.krawczyk\Desktop\Courses\Courses\Courses\Controllers\CoursesController.cs:line 101 System.NullReferenceException: Object reference not set to an instance of an object.
   at Courses.Repositories.CourseRepository.EditCourse(Int32 courseId, CourseDTO courseDTO) in C:\Users\kamil.krawczyk\Desktop\Courses\Courses\Courses\Repositories\CourseRepository.cs:line 79
   at Courses.CommandHandlers.EditCourseCommandHandler.Handle(EditCourseCommand request, CancellationToken cancellationToken) in C:\Users\kamil.krawczyk\Desktop\Courses\Courses\Courses\CommandHandlers\EditCourseCommandHandler.cs:line 20
   at MediatR.Pipeline.RequestExceptionProcessorBehavior`2.Handle(TRequest request, CancellationToken cancellationToken, RequestHandlerDelegate`1 next)
   at MediatR.Pipeline.RequestExceptionProcessorBehavior`2.Handle(TRequest request, CancellationToken cancellationToken, RequestHandlerDelegate`1 next)
   at MediatR.Pipeline.RequestExceptionActionProcessorBehavior`2.Handle(TRequest request, CancellationToken cancellationToken, RequestHandlerDelegate`1 next)
   at MediatR.Pipeline.RequestExceptionActionProcessorBehavior`2.Handle(TRequest request, CancellationToken cancellationToken, RequestHandlerDelegate`1 next)
   at MediatR.Pipeline.RequestPostProcessorBehavior`2.Handle(TRequest request, CancellationToken cancellationToken, RequestHandlerDelegate`1 next)
   at MediatR.Pipeline.RequestPreProcessorBehavior`2.Handle(TRequest request, CancellationToken cancellationToken, RequestHandlerDelegate`1 next)
   at Courses.Controllers.CoursesController.Edit(Int32 id, CourseDTO course) in C:\Users\kamil.krawczyk\Desktop\Courses\Courses\Courses\Controllers\CoursesController.cs:line 101
[2022-03-27 16:50:51.3743] [ERROR] [Courses.Controllers.CoursesController] System.NullReferenceException: Object reference not set to an instance of an object.
   at Courses.Repositories.CourseRepository.EditCourse(Int32 courseId, CourseDTO courseDTO) in C:\Users\kamil.krawczyk\Desktop\Courses\Courses\Courses\Repositories\CourseRepository.cs:line 79
   at Courses.CommandHandlers.EditCourseCommandHandler.Handle(EditCourseCommand request, CancellationToken cancellationToken) in C:\Users\kamil.krawczyk\Desktop\Courses\Courses\Courses\CommandHandlers\EditCourseCommandHandler.cs:line 20
   at MediatR.Pipeline.RequestExceptionProcessorBehavior`2.Handle(TRequest request, CancellationToken cancellationToken, RequestHandlerDelegate`1 next)
   at MediatR.Pipeline.RequestExceptionProcessorBehavior`2.Handle(TRequest request, CancellationToken cancellationToken, RequestHandlerDelegate`1 next)
   at MediatR.Pipeline.RequestExceptionActionProcessorBehavior`2.Handle(TRequest request, CancellationToken cancellationToken, RequestHandlerDelegate`1 next)
   at MediatR.Pipeline.RequestExceptionActionProcessorBehavior`2.Handle(TRequest request, CancellationToken cancellationToken, RequestHandlerDelegate`1 next)
   at MediatR.Pipeline.RequestPostProcessorBehavior`2.Handle(TRequest request, CancellationToken cancellationToken, RequestHandlerDelegate`1 next)
   at MediatR.Pipeline.RequestPreProcessorBehavior`2.Handle(TRequest request, CancellationToken cancellationToken, RequestHandlerDelegate`1 next)
   at Courses.Controllers.CoursesController.Edit(Int32 id, CourseDTO course) in C:\Users\kamil.krawczyk\Desktop\Courses\Courses\Courses\Controllers\CoursesController.cs:line 101 System.NullReferenceException: Object reference not set to an instance of an object.
   at Courses.Repositories.CourseRepository.EditCourse(Int32 courseId, CourseDTO courseDTO) in C:\Users\kamil.krawczyk\Desktop\Courses\Courses\Courses\Repositories\CourseRepository.cs:line 79
   at Courses.CommandHandlers.EditCourseCommandHandler.Handle(EditCourseCommand request, CancellationToken cancellationToken) in C:\Users\kamil.krawczyk\Desktop\Courses\Courses\Courses\CommandHandlers\EditCourseCommandHandler.cs:line 20
   at MediatR.Pipeline.RequestExceptionProcessorBehavior`2.Handle(TRequest request, CancellationToken cancellationToken, RequestHandlerDelegate`1 next)
   at MediatR.Pipeline.RequestExceptionProcessorBehavior`2.Handle(TRequest request, CancellationToken cancellationToken, RequestHandlerDelegate`1 next)
   at MediatR.Pipeline.RequestExceptionActionProcessorBehavior`2.Handle(TRequest request, CancellationToken cancellationToken, RequestHandlerDelegate`1 next)
   at MediatR.Pipeline.RequestExceptionActionProcessorBehavior`2.Handle(TRequest request, CancellationToken cancellationToken, RequestHandlerDelegate`1 next)
   at MediatR.Pipeline.RequestPostProcessorBehavior`2.Handle(TRequest request, CancellationToken cancellationToken, RequestHandlerDelegate`1 next)
   at MediatR.Pipeline.RequestPreProcessorBehavior`2.Handle(TRequest request, CancellationToken cancellationToken, RequestHandlerDelegate`1 next)
   at Courses.Controllers.CoursesController.Edit(Int32 id, CourseDTO course) in C:\Users\kamil.krawczyk\Desktop\Courses\Courses\Courses\Controllers\CoursesController.cs:line 101
[2022-03-27 16:51:12.1264] [ERROR] [Courses.Controllers.CoursesController] System.NullReferenceException: Object reference not set to an instance of an object.
   at Courses.Repositories.CourseRepository.EditCourse(Int32 courseId, CourseDTO courseDTO) in C:\Users\kamil.krawczyk\Desktop\Courses\Courses\Courses\Repositories\CourseRepository.cs:line 79
   at Courses.CommandHandlers.EditCourseCommandHandler.Handle(EditCourseCommand request, CancellationToken cancellationToken) in C:\Users\kamil.krawczyk\Desktop\Courses\Courses\Courses\CommandHandlers\EditCourseCommandHandler.cs:line 20
   at MediatR.Pipeline.RequestExceptionProcessorBehavior`2.Handle(TRequest request, CancellationToken cancellationToken, RequestHandlerDelegate`1 next)
   at MediatR.Pipeline.RequestExceptionProcessorBehavior`2.Handle(TRequest request, CancellationToken cancellationToken, RequestHandlerDelegate`1 next)
   at MediatR.Pipeline.RequestExceptionActionProcessorBehavior`2.Handle(TRequest request, CancellationToken cancellationToken, RequestHandlerDelegate`1 next)
   at MediatR.Pipeline.RequestExceptionActionProcessorBehavior`2.Handle(TRequest request, CancellationToken cancellationToken, RequestHandlerDelegate`1 next)
   at MediatR.Pipeline.RequestPostProcessorBehavior`2.Handle(TRequest request, CancellationToken cancellationToken, RequestHandlerDelegate`1 next)
   at MediatR.Pipeline.RequestPreProcessorBehavior`2.Handle(TRequest request, CancellationToken cancellationToken, RequestHandlerDelegate`1 next)
   at Courses.Controllers.CoursesController.Edit(Int32 id, CourseDTO course) in C:\Users\kamil.krawczyk\Desktop\Courses\Courses\Courses\Controllers\CoursesController.cs:line 101 System.NullReferenceException: Object reference not set to an instance of an object.
   at Courses.Repositories.CourseRepository.EditCourse(Int32 courseId, CourseDTO courseDTO) in C:\Users\kamil.krawczyk\Desktop\Courses\Courses\Courses\Repositories\CourseRepository.cs:line 79
   at Courses.CommandHandlers.EditCourseCommandHandler.Handle(EditCourseCommand request, CancellationToken cancellationToken) in C:\Users\kamil.krawczyk\Desktop\Courses\Courses\Courses\CommandHandlers\EditCourseCommandHandler.cs:line 20
   at MediatR.Pipeline.RequestExceptionProcessorBehavior`2.Handle(TRequest request, CancellationToken cancellationToken, RequestHandlerDelegate`1 next)
   at MediatR.Pipeline.RequestExceptionProcessorBehavior`2.Handle(TRequest request, CancellationToken cancellationToken, RequestHandlerDelegate`1 next)
   at MediatR.Pipeline.RequestExceptionActionProcessorBehavior`2.Handle(TRequest request, CancellationToken cancellationToken, RequestHandlerDelegate`1 next)
   at MediatR.Pipeline.RequestExceptionActionProcessorBehavior`2.Handle(TRequest request, CancellationToken cancellationToken, RequestHandlerDelegate`1 next)
   at MediatR.Pipeline.RequestPostProcessorBehavior`2.Handle(TRequest request, CancellationToken cancellationToken, RequestHandlerDelegate`1 next)
   at MediatR.Pipeline.RequestPreProcessorBehavior`2.Handle(TRequest request, CancellationToken cancellationToken, RequestHandlerDelegate`1 next)
   at Courses.Controllers.CoursesController.Edit(Int32 id, CourseDTO course) in C:\Users\kamil.krawczyk\Desktop\Courses\Courses\Courses\Controllers\CoursesController.cs:line 101
